#
# There is insufficient memory for the Java Runtime Environment to continue.
# Native memory allocation (malloc) failed to allocate 440976 bytes for Chunk::new
# Possible reasons:
#   The system is out of physical RAM or swap space
#   The process is running with CompressedOops enabled, and the Java Heap may be blocking the growth of the native heap
# Possible solutions:
#   Reduce memory load on the system
#   Increase physical memory or swap space
#   Check if swap backing store is full
#   Decrease Java heap size (-Xmx/-Xms)
#   Decrease number of Java threads
#   Decrease Java thread stack sizes (-Xss)
#   Set larger code cache with -XX:ReservedCodeCacheSize=
#   JVM is running with Unscaled Compressed Oops mode in which the Java heap is
#     placed in the first 4GB address space. The Java Heap base address is the
#     maximum limit for the native heap growth. Please use -XX:HeapBaseMinAddress
#     to set the Java Heap base and to place the Java Heap above 4GB virtual address.
# This output file may be truncated or incomplete.
#
#  Out of Memory Error (./src/hotspot/share/memory/arena.cpp:197), pid=28952, tid=28932
#
# JRE version: OpenJDK Runtime Environment (11.0.10) (build 11.0.10+0-b96-7249189)
# Java VM: OpenJDK 64-Bit Server VM (11.0.10+0-b96-7249189, mixed mode, tiered, compressed oops, g1 gc, windows-amd64)
# No core dump will be written. Minidumps are not enabled by default on client versions of Windows
#

---------------  S U M M A R Y ------------

Command Line: --add-opens=java.base/java.util=ALL-UNNAMED --add-opens=java.base/java.lang=ALL-UNNAMED --add-opens=java.base/java.lang.invoke=ALL-UNNAMED --add-opens=java.base/java.util=ALL-UNNAMED --add-opens=java.prefs/java.util.prefs=ALL-UNNAMED --add-opens=java.prefs/java.util.prefs=ALL-UNNAMED --add-opens=java.base/java.nio.charset=ALL-UNNAMED --add-opens=java.base/java.net=ALL-UNNAMED --add-opens=java.base/java.util.concurrent.atomic=ALL-UNNAMED -Xmx2048m -Dfile.encoding=UTF-8 -Duser.country=US -Duser.language=en -Duser.variant org.gradle.launcher.daemon.bootstrap.GradleDaemon 7.0.2

Host: Intel(R) Core(TM) i3-7100U CPU @ 2.40GHz, 4 cores, 7G,  Windows 10 , 64 bit Build 18362 (10.0.18362.778)
Time: Tue Nov 16 20:37:53 2021 Russia TZ 2 Standard Time elapsed time: 3690.171993 seconds (0d 1h 1m 30s)

---------------  T H R E A D  ---------------

Current thread (0x00000222776b5000):  JavaThread "C2 CompilerThread0" daemon [_thread_in_native, id=28932, stack(0x000000825f000000,0x000000825f100000)]


Current CompileTask:
C2:3690172 17254   !   4       java.util.concurrent.ConcurrentHashMap::computeIfAbsent (576 bytes)

Stack: [0x000000825f000000,0x000000825f100000]
Native frames: (J=compiled Java code, j=interpreted, Vv=VM code, C=native code)
V  [jvm.dll+0x5ecfaa]
V  [jvm.dll+0x722bd5]
V  [jvm.dll+0x72412d]
V  [jvm.dll+0x7247e3]
V  [jvm.dll+0x242928]
V  [jvm.dll+0xbc4fc]
V  [jvm.dll+0xbca0c]
V  [jvm.dll+0x352d3b]
V  [jvm.dll+0x320ad3]
V  [jvm.dll+0x31ffca]
V  [jvm.dll+0x1fb602]
V  [jvm.dll+0x1fa7f4]
V  [jvm.dll+0x18354c]
V  [jvm.dll+0x208ee7]
V  [jvm.dll+0x207731]
V  [jvm.dll+0x6eb1cf]
V  [jvm.dll+0x6e3d45]
V  [jvm.dll+0x5ebe96]
C  [ucrtbase.dll+0x20e72]
C  [KERNEL32.DLL+0x17bd4]
C  [ntdll.dll+0x6ce51]


---------------  P R O C E S S  ---------------

Threads class SMR info:
_java_thread_list=0x000002227dc2c3b0, length=55, elements={
0x000002225bb2e000, 0x0000022277681000, 0x0000022277682000, 0x00000222776a0800,
0x00000222776a1000, 0x00000222776a4800, 0x00000222776b5000, 0x00000222776b6000,
0x00000222776b8800, 0x000002227814e800, 0x000002227a6a3800, 0x000002227925d000,
0x000002227a213000, 0x000002227a3f8800, 0x000002227a3f6000, 0x000002227a3f7000,
0x000002227a3f9000, 0x000002227a3f7800, 0x000002227a3f5000, 0x000002227a3f3800,
0x000002227be18000, 0x000002227be1c800, 0x000002227be18800, 0x000002227be1f000,
0x000002227be24000, 0x000002227be25800, 0x000002227f5b9800, 0x000002227f5b8800,
0x000002227f5b5800, 0x000002227f5b7800, 0x000002227f5bb000, 0x000002227f5bc000,
0x000002227f5b6000, 0x000002227f5bd800, 0x000002227f5bf000, 0x000002227f5be800,
0x000002227f5c0000, 0x000002227f5c1800, 0x000002227f5c2800, 0x000002227f5bc800,
0x000002227f5c4000, 0x000002227f5c0800, 0x000002227f5c3000, 0x000002227be21800,
0x000002227be21000, 0x000002227be20000, 0x000002227be23000, 0x000002227be22800,
0x000002227be1d800, 0x000002227be1e800, 0x000002227be17000, 0x000002227f5c5000,
0x000002227be25000, 0x000002227b533800, 0x000002227b534000
}

Java Threads: ( => current thread )
  0x000002225bb2e000 JavaThread "main" [_thread_blocked, id=24640, stack(0x000000825e400000,0x000000825e500000)]
  0x0000022277681000 JavaThread "Reference Handler" daemon [_thread_blocked, id=28724, stack(0x000000825eb00000,0x000000825ec00000)]
  0x0000022277682000 JavaThread "Finalizer" daemon [_thread_blocked, id=29924, stack(0x000000825ec00000,0x000000825ed00000)]
  0x00000222776a0800 JavaThread "Signal Dispatcher" daemon [_thread_blocked, id=26092, stack(0x000000825ed00000,0x000000825ee00000)]
  0x00000222776a1000 JavaThread "Attach Listener" daemon [_thread_blocked, id=27728, stack(0x000000825ee00000,0x000000825ef00000)]
  0x00000222776a4800 JavaThread "Service Thread" daemon [_thread_blocked, id=27368, stack(0x000000825ef00000,0x000000825f000000)]
=>0x00000222776b5000 JavaThread "C2 CompilerThread0" daemon [_thread_in_native, id=28932, stack(0x000000825f000000,0x000000825f100000)]
  0x00000222776b6000 JavaThread "C1 CompilerThread0" daemon [_thread_in_native, id=28992, stack(0x000000825f100000,0x000000825f200000)]
  0x00000222776b8800 JavaThread "Sweeper thread" daemon [_thread_blocked, id=31204, stack(0x000000825f200000,0x000000825f300000)]
  0x000002227814e800 JavaThread "Common-Cleaner" daemon [_thread_blocked, id=28780, stack(0x000000825f300000,0x000000825f400000)]
  0x000002227a6a3800 JavaThread "Daemon health stats" [_thread_blocked, id=27612, stack(0x000000825f800000,0x000000825f900000)]
  0x000002227925d000 JavaThread "Incoming local TCP Connector on port 56795" [_thread_in_native, id=22080, stack(0x000000825f500000,0x000000825f600000)]
  0x000002227a213000 JavaThread "Daemon periodic checks" [_thread_blocked, id=20380, stack(0x000000825f900000,0x000000825fa00000)]
  0x000002227a3f8800 JavaThread "Cache worker for file hash cache (C:\Users\Waldemar\.gradle\caches\7.0.2\fileHashes)" [_thread_blocked, id=28388, stack(0x0000008260100000,0x0000008260200000)]
  0x000002227a3f6000 JavaThread "File lock request listener" [_thread_in_native, id=31528, stack(0x0000008260200000,0x0000008260300000)]
  0x000002227a3f7000 JavaThread "Cache worker for journal cache (C:\Users\Waldemar\.gradle\caches\journal-1)" [_thread_blocked, id=25592, stack(0x0000008260400000,0x0000008260500000)]
  0x000002227a3f9000 JavaThread "File watcher server" daemon [_thread_in_native, id=25816, stack(0x0000008260700000,0x0000008260800000)]
  0x000002227a3f7800 JavaThread "File watcher consumer" daemon [_thread_blocked, id=30316, stack(0x0000008260800000,0x0000008260900000)]
  0x000002227a3f5000 JavaThread "jar transforms" [_thread_blocked, id=30468, stack(0x0000008260900000,0x0000008260a00000)]
  0x000002227a3f3800 JavaThread "jar transforms Thread 2" [_thread_blocked, id=30240, stack(0x0000008260a00000,0x0000008260b00000)]
  0x000002227be18000 JavaThread "jar transforms Thread 3" [_thread_blocked, id=28748, stack(0x0000008260b00000,0x0000008260c00000)]
  0x000002227be1c800 JavaThread "jar transforms Thread 4" [_thread_blocked, id=28564, stack(0x0000008260c00000,0x0000008260d00000)]
  0x000002227be18800 JavaThread "Cache worker for execution history cache (C:\Users\Waldemar\.gradle\caches\7.0.2\executionHistory)" [_thread_blocked, id=29312, stack(0x0000008261000000,0x0000008261100000)]
  0x000002227be1f000 JavaThread "Cache worker for file content cache (C:\Users\Waldemar\.gradle\caches\7.0.2\fileContent)" [_thread_blocked, id=23280, stack(0x0000008261100000,0x0000008261200000)]
  0x000002227be24000 JavaThread "Memory manager" [_thread_blocked, id=25420, stack(0x0000008261800000,0x0000008261900000)]
  0x000002227be25800 JavaThread "pool-3-thread-1" [_thread_blocked, id=29480, stack(0x0000008261900000,0x0000008261a00000)]
  0x000002227f5b9800 JavaThread "Daemon Thread 2" [_thread_blocked, id=25772, stack(0x000000825e100000,0x000000825e200000)]
  0x000002227f5b8800 JavaThread "Handler for socket connection from /127.0.0.1:56795 to /127.0.0.1:59697" [_thread_in_native, id=30020, stack(0x000000825e200000,0x000000825e300000)]
  0x000002227f5b5800 JavaThread "Cancel handler" [_thread_blocked, id=27444, stack(0x000000825e300000,0x000000825e400000)]
  0x000002227f5b7800 JavaThread "Daemon worker Thread 2" [_thread_blocked, id=19796, stack(0x000000825fa00000,0x000000825fb00000)]
  0x000002227f5bb000 JavaThread "Asynchronous log dispatcher for DefaultDaemonConnection: socket connection from /127.0.0.1:56795 to /127.0.0.1:59697" [_thread_blocked, id=29932, stack(0x000000825fb00000,0x000000825fc00000)]
  0x000002227f5bc000 JavaThread "Stdin handler" [_thread_blocked, id=25364, stack(0x000000825fc00000,0x000000825fd00000)]
  0x000002227f5b6000 JavaThread "Daemon client event forwarder" [_thread_blocked, id=23284, stack(0x000000825fd00000,0x000000825fe00000)]
  0x000002227f5bd800 JavaThread "Cache worker for file hash cache (V:\Kotlin_basic\RecyclerViewApp\.gradle\7.0.2\fileHashes)" [_thread_blocked, id=29272, stack(0x000000825fe00000,0x000000825ff00000)]
  0x000002227f5bf000 JavaThread "Cache worker for checksums cache (V:\Kotlin_basic\RecyclerViewApp\.gradle\checksums)" [_thread_blocked, id=18728, stack(0x000000825ff00000,0x0000008260000000)]
  0x000002227f5be800 JavaThread "Cache worker for cache directory md-supplier (C:\Users\Waldemar\.gradle\caches\7.0.2\md-supplier)" [_thread_blocked, id=28032, stack(0x0000008260000000,0x0000008260100000)]
  0x000002227f5c0000 JavaThread "Cache worker for cache directory md-rule (C:\Users\Waldemar\.gradle\caches\7.0.2\md-rule)" [_thread_blocked, id=29420, stack(0x0000008260500000,0x0000008260600000)]
  0x000002227f5c1800 JavaThread "Cache worker for dependencies-accessors (V:\Kotlin_basic\RecyclerViewApp\.gradle\7.0.2\dependencies-accessors)" [_thread_blocked, id=23260, stack(0x0000008260600000,0x0000008260700000)]
  0x000002227f5c2800 JavaThread "Cache worker for Build Output Cleanup Cache (V:\Kotlin_basic\RecyclerViewApp\.gradle\buildOutputCleanup)" [_thread_blocked, id=25228, stack(0x0000008260d00000,0x0000008260e00000)]
  0x000002227f5bc800 JavaThread "Build operations" [_thread_in_Java, id=27152, stack(0x0000008260e00000,0x0000008260f00000)]
  0x000002227f5c4000 JavaThread "Build operations Thread 2" [_thread_in_vm, id=24376, stack(0x0000008260f00000,0x0000008261000000)]
  0x000002227f5c0800 JavaThread "Build operations Thread 3" [_thread_blocked, id=31660, stack(0x0000008261200000,0x0000008261300000)]
  0x000002227f5c3000 JavaThread "Build operations Thread 4" [_thread_blocked, id=10292, stack(0x0000008261300000,0x0000008261400000)]
  0x000002227be21800 JavaThread "build event listener" [_thread_blocked, id=30168, stack(0x0000008261500000,0x0000008261600000)]
  0x000002227be21000 JavaThread "pool-6-thread-1" [_thread_blocked, id=23560, stack(0x0000008261600000,0x0000008261700000)]
  0x000002227be20000 JavaThread "build event listener" [_thread_blocked, id=28628, stack(0x0000008261700000,0x0000008261800000)]
  0x000002227be23000 JavaThread "Execution worker for ':'" [_thread_blocked, id=31108, stack(0x0000008261a00000,0x0000008261b00000)]
  0x000002227be22800 JavaThread "Execution worker for ':' Thread 2" [_thread_blocked, id=27860, stack(0x0000008261b00000,0x0000008261c00000)]
  0x000002227be1d800 JavaThread "Execution worker for ':' Thread 3" [_thread_blocked, id=29888, stack(0x0000008261c00000,0x0000008261d00000)]
  0x000002227be1e800 JavaThread "Cache worker for execution history cache (V:\Kotlin_basic\RecyclerViewApp\.gradle\7.0.2\executionHistory)" [_thread_blocked, id=18084, stack(0x0000008261d00000,0x0000008261e00000)]
  0x000002227be17000 JavaThread "WorkerExecutor Queue" [_thread_blocked, id=20564, stack(0x0000008261400000,0x0000008261500000)]
  0x000002227f5c5000 JavaThread "WorkerExecutor Queue Thread 2" [_thread_blocked, id=29980, stack(0x0000008261f00000,0x0000008262000000)]
  0x000002227be25000 JavaThread "WorkerExecutor Queue Thread 3" [_thread_blocked, id=27700, stack(0x0000008262000000,0x0000008262100000)]
  0x000002227b533800 JavaThread "WorkerExecutor Queue Thread 4" [_thread_blocked, id=22552, stack(0x0000008262100000,0x0000008262200000)]
  0x000002227b534000 JavaThread "C2 CompilerThread1" daemon [_thread_in_vm, id=31692, stack(0x0000008261e00000,0x0000008261f00000)]

Other Threads:
  0x000002227767d000 VMThread "VM Thread" [stack: 0x000000825ea00000,0x000000825eb00000] [id=27600]
  0x0000022278164000 WatcherThread [stack: 0x000000825f400000,0x000000825f500000] [id=20852]
  0x000002225bb48800 GCTaskThread "GC Thread#0" [stack: 0x000000825e500000,0x000000825e600000] [id=30212]
  0x00000222785c8800 GCTaskThread "GC Thread#1" [stack: 0x000000825f600000,0x000000825f700000] [id=20648]
  0x00000222787f3000 GCTaskThread "GC Thread#2" [stack: 0x000000825f700000,0x000000825f800000] [id=27188]
  0x0000022278ff9800 GCTaskThread "GC Thread#3" [stack: 0x0000008260300000,0x0000008260400000] [id=23404]
  0x000002225bb7a000 ConcurrentGCThread "G1 Main Marker" [stack: 0x000000825e600000,0x000000825e700000] [id=24096]
  0x000002225bb7b800 ConcurrentGCThread "G1 Conc#0" [stack: 0x000000825e700000,0x000000825e800000] [id=25216]
  0x00000222774d0800 ConcurrentGCThread "G1 Refine#0" [stack: 0x000000825e800000,0x000000825e900000] [id=30624]
  0x00000222774d1000 ConcurrentGCThread "G1 Young RemSet Sampling" [stack: 0x000000825e900000,0x000000825ea00000] [id=28200]

Threads with active compile tasks:
C2 CompilerThread03690239 17254   !   4       java.util.concurrent.ConcurrentHashMap::computeIfAbsent (576 bytes)
C1 CompilerThread03690239 17304       3       com.android.tools.r8.internal.U6::a (4191 bytes)
C2 CompilerThread13690239 17318       4       com.android.tools.r8.graph.c0::a (47 bytes)

VM state:not at safepoint (normal execution)

VM Mutex/Monitor currently owned by a thread: None

Heap address: 0x0000000080000000, size: 2048 MB, Compressed Oops mode: 32-bit
Narrow klass base: 0x0000000000000000, Narrow klass shift: 3
Compressed class space size: 1073741824 Address: 0x0000000100000000

Heap:
 garbage-first heap   total 189440K, used 125404K [0x0000000080000000, 0x0000000100000000)
  region size 1024K, 14 young (14336K), 6 survivors (6144K)
 Metaspace       used 120348K, capacity 123061K, committed 123340K, reserved 1157120K
  class space    used 14681K, capacity 15663K, committed 15820K, reserved 1048576K
Heap Regions: E=young(eden), S=young(survivor), O=old, HS=humongous(starts), HC=humongous(continues), CS=collection set, F=free, A=archive, TAMS=top-at-mark-start (previous, next)
|   0|0x0000000080000000, 0x0000000080100000, 0x0000000080100000|100%| O|  |TAMS 0x0000000080100000, 0x0000000080000000| Untracked 
|   1|0x0000000080100000, 0x0000000080200000, 0x0000000080200000|100%| O|  |TAMS 0x0000000080200000, 0x0000000080100000| Untracked 
|   2|0x0000000080200000, 0x0000000080300000, 0x0000000080300000|100%| O|  |TAMS 0x0000000080300000, 0x0000000080200000| Untracked 
|   3|0x0000000080300000, 0x0000000080400000, 0x0000000080400000|100%|HS|  |TAMS 0x0000000080400000, 0x0000000080300000| Complete 
|   4|0x0000000080400000, 0x0000000080500000, 0x0000000080500000|100%|HC|  |TAMS 0x0000000080500000, 0x0000000080400000| Complete 
|   5|0x0000000080500000, 0x0000000080600000, 0x0000000080600000|100%|HC|  |TAMS 0x0000000080600000, 0x0000000080500000| Complete 
|   6|0x0000000080600000, 0x0000000080700000, 0x0000000080700000|100%| O|  |TAMS 0x0000000080700000, 0x0000000080600000| Untracked 
|   7|0x0000000080700000, 0x0000000080800000, 0x0000000080800000|100%| O|  |TAMS 0x0000000080800000, 0x0000000080700000| Untracked 
|   8|0x0000000080800000, 0x0000000080900000, 0x0000000080900000|100%| O|  |TAMS 0x0000000080900000, 0x0000000080800000| Untracked 
|   9|0x0000000080900000, 0x0000000080a00000, 0x0000000080a00000|100%|HS|  |TAMS 0x0000000080a00000, 0x0000000080900000| Complete 
|  10|0x0000000080a00000, 0x0000000080b00000, 0x0000000080b00000|100%|HC|  |TAMS 0x0000000080b00000, 0x0000000080a00000| Complete 
|  11|0x0000000080b00000, 0x0000000080c00000, 0x0000000080c00000|100%|HS|  |TAMS 0x0000000080c00000, 0x0000000080b00000| Complete 
|  12|0x0000000080c00000, 0x0000000080d00000, 0x0000000080d00000|100%|HC|  |TAMS 0x0000000080d00000, 0x0000000080c00000| Complete 
|  13|0x0000000080d00000, 0x0000000080e00000, 0x0000000080e00000|100%|HC|  |TAMS 0x0000000080e00000, 0x0000000080d00000| Complete 
|  14|0x0000000080e00000, 0x0000000080f00000, 0x0000000080f00000|100%|HS|  |TAMS 0x0000000080f00000, 0x0000000080e00000| Complete 
|  15|0x0000000080f00000, 0x0000000081000000, 0x0000000081000000|100%|HC|  |TAMS 0x0000000081000000, 0x0000000080f00000| Complete 
|  16|0x0000000081000000, 0x0000000081100000, 0x0000000081100000|100%|HC|  |TAMS 0x0000000081100000, 0x0000000081000000| Complete 
|  17|0x0000000081100000, 0x0000000081200000, 0x0000000081200000|100%|HC|  |TAMS 0x0000000081200000, 0x0000000081100000| Complete 
|  18|0x0000000081200000, 0x0000000081300000, 0x0000000081300000|100%|HC|  |TAMS 0x0000000081300000, 0x0000000081200000| Complete 
|  19|0x0000000081300000, 0x0000000081400000, 0x0000000081400000|100%| O|  |TAMS 0x0000000081400000, 0x0000000081300000| Untracked 
|  20|0x0000000081400000, 0x0000000081500000, 0x0000000081500000|100%| O|  |TAMS 0x0000000081500000, 0x0000000081400000| Untracked 
|  21|0x0000000081500000, 0x0000000081600000, 0x0000000081600000|100%| O|  |TAMS 0x0000000081600000, 0x0000000081500000| Untracked 
|  22|0x0000000081600000, 0x0000000081700000, 0x0000000081700000|100%| O|  |TAMS 0x0000000081700000, 0x0000000081600000| Untracked 
|  23|0x0000000081700000, 0x0000000081800000, 0x0000000081800000|100%| O|  |TAMS 0x0000000081800000, 0x0000000081700000| Untracked 
|  24|0x0000000081800000, 0x0000000081900000, 0x0000000081900000|100%| O|  |TAMS 0x0000000081900000, 0x0000000081800000| Untracked 
|  25|0x0000000081900000, 0x0000000081a00000, 0x0000000081a00000|100%| O|  |TAMS 0x0000000081a00000, 0x0000000081900000| Untracked 
|  26|0x0000000081a00000, 0x0000000081b00000, 0x0000000081b00000|100%| O|  |TAMS 0x0000000081b00000, 0x0000000081a00000| Untracked 
|  27|0x0000000081b00000, 0x0000000081c00000, 0x0000000081c00000|100%| O|  |TAMS 0x0000000081c00000, 0x0000000081b00000| Untracked 
|  28|0x0000000081c00000, 0x0000000081d00000, 0x0000000081d00000|100%| O|  |TAMS 0x0000000081d00000, 0x0000000081c00000| Untracked 
|  29|0x0000000081d00000, 0x0000000081e00000, 0x0000000081e00000|100%| O|  |TAMS 0x0000000081e00000, 0x0000000081d00000| Untracked 
|  30|0x0000000081e00000, 0x0000000081f00000, 0x0000000081f00000|100%| O|  |TAMS 0x0000000081f00000, 0x0000000081e00000| Untracked 
|  31|0x0000000081f00000, 0x0000000082000000, 0x0000000082000000|100%| O|  |TAMS 0x0000000082000000, 0x0000000081f00000| Untracked 
|  32|0x0000000082000000, 0x0000000082100000, 0x0000000082100000|100%|HS|  |TAMS 0x0000000082100000, 0x0000000082000000| Complete 
|  33|0x0000000082100000, 0x0000000082200000, 0x0000000082200000|100%|HC|  |TAMS 0x0000000082200000, 0x0000000082100000| Complete 
|  34|0x0000000082200000, 0x0000000082300000, 0x0000000082300000|100%|HC|  |TAMS 0x0000000082300000, 0x0000000082200000| Complete 
|  35|0x0000000082300000, 0x0000000082400000, 0x0000000082400000|100%|HC|  |TAMS 0x0000000082400000, 0x0000000082300000| Complete 
|  36|0x0000000082400000, 0x0000000082500000, 0x0000000082500000|100%|HC|  |TAMS 0x0000000082500000, 0x0000000082400000| Complete 
|  37|0x0000000082500000, 0x0000000082600000, 0x0000000082600000|100%|HS|  |TAMS 0x0000000082600000, 0x0000000082500000| Complete 
|  38|0x0000000082600000, 0x0000000082700000, 0x0000000082700000|100%|HC|  |TAMS 0x0000000082700000, 0x0000000082600000| Complete 
|  39|0x0000000082700000, 0x0000000082800000, 0x0000000082800000|100%|HC|  |TAMS 0x0000000082800000, 0x0000000082700000| Complete 
|  40|0x0000000082800000, 0x0000000082900000, 0x0000000082900000|100%| O|  |TAMS 0x0000000082800000, 0x0000000082800000| Untracked 
|  41|0x0000000082900000, 0x0000000082a00000, 0x0000000082a00000|100%| O|  |TAMS 0x0000000082a00000, 0x0000000082900000| Untracked 
|  42|0x0000000082a00000, 0x0000000082b00000, 0x0000000082b00000|100%| O|  |TAMS 0x0000000082b00000, 0x0000000082a00000| Untracked 
|  43|0x0000000082b00000, 0x0000000082c00000, 0x0000000082c00000|100%| O|  |TAMS 0x0000000082c00000, 0x0000000082b00000| Untracked 
|  44|0x0000000082c00000, 0x0000000082d00000, 0x0000000082d00000|100%| O|  |TAMS 0x0000000082d00000, 0x0000000082c00000| Untracked 
|  45|0x0000000082d00000, 0x0000000082e00000, 0x0000000082e00000|100%| O|  |TAMS 0x0000000082e00000, 0x0000000082d00000| Untracked 
|  46|0x0000000082e00000, 0x0000000082f00000, 0x0000000082f00000|100%| O|  |TAMS 0x0000000082f00000, 0x0000000082e00000| Untracked 
|  47|0x0000000082f00000, 0x0000000083000000, 0x0000000083000000|100%| O|  |TAMS 0x0000000083000000, 0x0000000082f00000| Untracked 
|  48|0x0000000083000000, 0x0000000083100000, 0x0000000083100000|100%| O|  |TAMS 0x0000000083100000, 0x0000000083000000| Untracked 
|  49|0x0000000083100000, 0x0000000083200000, 0x0000000083200000|100%| O|  |TAMS 0x0000000083200000, 0x0000000083100000| Untracked 
|  50|0x0000000083200000, 0x0000000083300000, 0x0000000083300000|100%| O|  |TAMS 0x0000000083200000, 0x0000000083200000| Untracked 
|  51|0x0000000083300000, 0x0000000083400000, 0x0000000083400000|100%| O|  |TAMS 0x0000000083400000, 0x0000000083300000| Untracked 
|  52|0x0000000083400000, 0x0000000083500000, 0x0000000083500000|100%| O|  |TAMS 0x0000000083400000, 0x0000000083400000| Untracked 
|  53|0x0000000083500000, 0x0000000083600000, 0x0000000083600000|100%|HS|  |TAMS 0x0000000083600000, 0x0000000083500000| Complete 
|  54|0x0000000083600000, 0x0000000083700000, 0x0000000083700000|100%|HS|  |TAMS 0x0000000083700000, 0x0000000083600000| Complete 
|  55|0x0000000083700000, 0x0000000083800000, 0x0000000083800000|100%|HS|  |TAMS 0x0000000083800000, 0x0000000083700000| Complete 
|  56|0x0000000083800000, 0x0000000083900000, 0x0000000083900000|100%|HS|  |TAMS 0x0000000083900000, 0x0000000083800000| Complete 
|  57|0x0000000083900000, 0x0000000083a00000, 0x0000000083a00000|100%|HC|  |TAMS 0x0000000083a00000, 0x0000000083900000| Complete 
|  58|0x0000000083a00000, 0x0000000083b00000, 0x0000000083b00000|100%|HC|  |TAMS 0x0000000083b00000, 0x0000000083a00000| Complete 
|  59|0x0000000083b00000, 0x0000000083c00000, 0x0000000083c00000|100%|HS|  |TAMS 0x0000000083c00000, 0x0000000083b00000| Complete 
|  60|0x0000000083c00000, 0x0000000083d00000, 0x0000000083d00000|100%|HC|  |TAMS 0x0000000083d00000, 0x0000000083c00000| Complete 
|  61|0x0000000083d00000, 0x0000000083d77000, 0x0000000083e00000| 46%| O|  |TAMS 0x0000000083d00000, 0x0000000083d00000| Untracked 
|  62|0x0000000083e00000, 0x0000000083e00000, 0x0000000083f00000|  0%| F|  |TAMS 0x0000000083e00000, 0x0000000083e00000| Untracked 
|  63|0x0000000083f00000, 0x0000000084000000, 0x0000000084000000|100%| O|  |TAMS 0x0000000084000000, 0x0000000083f00000| Untracked 
|  64|0x0000000084000000, 0x0000000084100000, 0x0000000084100000|100%| O|  |TAMS 0x0000000084100000, 0x0000000084000000| Untracked 
|  65|0x0000000084100000, 0x0000000084200000, 0x0000000084200000|100%| O|  |TAMS 0x0000000084200000, 0x0000000084100000| Untracked 
|  66|0x0000000084200000, 0x0000000084300000, 0x0000000084300000|100%| O|  |TAMS 0x0000000084300000, 0x0000000084200000| Untracked 
|  67|0x0000000084300000, 0x0000000084400000, 0x0000000084400000|100%| O|  |TAMS 0x0000000084400000, 0x0000000084300000| Untracked 
|  68|0x0000000084400000, 0x0000000084500000, 0x0000000084500000|100%| O|  |TAMS 0x0000000084500000, 0x0000000084400000| Untracked 
|  69|0x0000000084500000, 0x0000000084600000, 0x0000000084600000|100%| O|  |TAMS 0x0000000084600000, 0x0000000084500000| Untracked 
|  70|0x0000000084600000, 0x0000000084700000, 0x0000000084700000|100%| O|  |TAMS 0x0000000084700000, 0x0000000084600000| Untracked 
|  71|0x0000000084700000, 0x0000000084700000, 0x0000000084800000|  0%| F|  |TAMS 0x0000000084700000, 0x0000000084700000| Untracked 
|  72|0x0000000084800000, 0x0000000084900000, 0x0000000084900000|100%| O|  |TAMS 0x0000000084900000, 0x0000000084800000| Untracked 
|  73|0x0000000084900000, 0x0000000084a00000, 0x0000000084a00000|100%| O|  |TAMS 0x0000000084a00000, 0x0000000084900000| Untracked 
|  74|0x0000000084a00000, 0x0000000084b00000, 0x0000000084b00000|100%| O|  |TAMS 0x0000000084b00000, 0x0000000084a00000| Untracked 
|  75|0x0000000084b00000, 0x0000000084b00000, 0x0000000084c00000|  0%| F|  |TAMS 0x0000000084b00000, 0x0000000084b00000| Untracked 
|  76|0x0000000084c00000, 0x0000000084d00000, 0x0000000084d00000|100%| O|  |TAMS 0x0000000084c00000, 0x0000000084c00000| Untracked 
|  77|0x0000000084d00000, 0x0000000084d00000, 0x0000000084e00000|  0%| F|  |TAMS 0x0000000084d00000, 0x0000000084d00000| Untracked 
|  78|0x0000000084e00000, 0x0000000084f00000, 0x0000000084f00000|100%| O|  |TAMS 0x0000000084f00000, 0x0000000084e00000| Untracked 
|  79|0x0000000084f00000, 0x0000000085000000, 0x0000000085000000|100%| O|  |TAMS 0x0000000085000000, 0x0000000084f00000| Untracked 
|  80|0x0000000085000000, 0x0000000085100000, 0x0000000085100000|100%| O|  |TAMS 0x0000000085100000, 0x0000000085000000| Untracked 
|  81|0x0000000085100000, 0x0000000085200000, 0x0000000085200000|100%| O|  |TAMS 0x0000000085100000, 0x0000000085100000| Untracked 
|  82|0x0000000085200000, 0x0000000085300000, 0x0000000085300000|100%| O|  |TAMS 0x0000000085300000, 0x0000000085200000| Untracked 
|  83|0x0000000085300000, 0x0000000085400000, 0x0000000085400000|100%| O|  |TAMS 0x0000000085400000, 0x0000000085300000| Untracked 
|  84|0x0000000085400000, 0x0000000085500000, 0x0000000085500000|100%| O|  |TAMS 0x0000000085500000, 0x0000000085400000| Untracked 
|  85|0x0000000085500000, 0x0000000085600000, 0x0000000085600000|100%| O|  |TAMS 0x0000000085600000, 0x0000000085500000| Untracked 
|  86|0x0000000085600000, 0x0000000085600000, 0x0000000085700000|  0%| F|  |TAMS 0x0000000085600000, 0x0000000085600000| Untracked 
|  87|0x0000000085700000, 0x0000000085800000, 0x0000000085800000|100%| O|  |TAMS 0x0000000085800000, 0x0000000085700000| Untracked 
|  88|0x0000000085800000, 0x0000000085900000, 0x0000000085900000|100%| O|  |TAMS 0x0000000085900000, 0x0000000085800000| Untracked 
|  89|0x0000000085900000, 0x0000000085a00000, 0x0000000085a00000|100%| O|  |TAMS 0x0000000085a00000, 0x0000000085900000| Untracked 
|  90|0x0000000085a00000, 0x0000000085b00000, 0x0000000085b00000|100%| O|  |TAMS 0x0000000085b00000, 0x0000000085a00000| Untracked 
|  91|0x0000000085b00000, 0x0000000085c00000, 0x0000000085c00000|100%| O|  |TAMS 0x0000000085c00000, 0x0000000085b00000| Untracked 
|  92|0x0000000085c00000, 0x0000000085c00000, 0x0000000085d00000|  0%| F|  |TAMS 0x0000000085c00000, 0x0000000085c00000| Untracked 
|  93|0x0000000085d00000, 0x0000000085e00000, 0x0000000085e00000|100%| O|  |TAMS 0x0000000085d00000, 0x0000000085d00000| Untracked 
|  94|0x0000000085e00000, 0x0000000085f00000, 0x0000000085f00000|100%| O|  |TAMS 0x0000000085f00000, 0x0000000085e00000| Untracked 
|  95|0x0000000085f00000, 0x0000000086000000, 0x0000000086000000|100%| O|  |TAMS 0x0000000086000000, 0x0000000085f00000| Untracked 
|  96|0x0000000086000000, 0x0000000086000000, 0x0000000086100000|  0%| F|  |TAMS 0x0000000086000000, 0x0000000086000000| Untracked 
|  97|0x0000000086100000, 0x0000000086200000, 0x0000000086200000|100%| O|  |TAMS 0x00000000861b9c00, 0x0000000086100000| Untracked 
|  98|0x0000000086200000, 0x0000000086300000, 0x0000000086300000|100%| O|  |TAMS 0x0000000086300000, 0x0000000086200000| Untracked 
|  99|0x0000000086300000, 0x0000000086400000, 0x0000000086400000|100%| O|  |TAMS 0x0000000086300000, 0x0000000086300000| Untracked 
| 100|0x0000000086400000, 0x0000000086400000, 0x0000000086500000|  0%| F|  |TAMS 0x0000000086400000, 0x0000000086400000| Untracked 
| 101|0x0000000086500000, 0x0000000086600000, 0x0000000086600000|100%| O|  |TAMS 0x0000000086600000, 0x0000000086500000| Untracked 
| 102|0x0000000086600000, 0x0000000086600000, 0x0000000086700000|  0%| F|  |TAMS 0x0000000086600000, 0x0000000086600000| Untracked 
| 103|0x0000000086700000, 0x0000000086700000, 0x0000000086800000|  0%| F|  |TAMS 0x0000000086700000, 0x0000000086700000| Untracked 
| 104|0x0000000086800000, 0x0000000086800000, 0x0000000086900000|  0%| F|  |TAMS 0x0000000086800000, 0x0000000086800000| Untracked 
| 105|0x0000000086900000, 0x0000000086900000, 0x0000000086a00000|  0%| F|  |TAMS 0x0000000086900000, 0x0000000086900000| Untracked 
| 106|0x0000000086a00000, 0x0000000086a00000, 0x0000000086b00000|  0%| F|  |TAMS 0x0000000086a00000, 0x0000000086a00000| Untracked 
| 107|0x0000000086b00000, 0x0000000086b00000, 0x0000000086c00000|  0%| F|  |TAMS 0x0000000086b00000, 0x0000000086b00000| Untracked 
| 108|0x0000000086c00000, 0x0000000086c00000, 0x0000000086d00000|  0%| F|  |TAMS 0x0000000086c00000, 0x0000000086c00000| Untracked 
| 109|0x0000000086d00000, 0x0000000086e00000, 0x0000000086e00000|100%| O|  |TAMS 0x0000000086e00000, 0x0000000086d00000| Untracked 
| 110|0x0000000086e00000, 0x0000000086f00000, 0x0000000086f00000|100%| O|  |TAMS 0x0000000086f00000, 0x0000000086e00000| Untracked 
| 111|0x0000000086f00000, 0x0000000087000000, 0x0000000087000000|100%| O|  |TAMS 0x0000000087000000, 0x0000000086f00000| Untracked 
| 112|0x0000000087000000, 0x0000000087100000, 0x0000000087100000|100%| O|  |TAMS 0x0000000087100000, 0x0000000087000000| Untracked 
| 113|0x0000000087100000, 0x0000000087200000, 0x0000000087200000|100%| O|  |TAMS 0x0000000087200000, 0x0000000087100000| Untracked 
| 114|0x0000000087200000, 0x0000000087300000, 0x0000000087300000|100%| O|  |TAMS 0x0000000087300000, 0x0000000087200000| Untracked 
| 115|0x0000000087300000, 0x0000000087400000, 0x0000000087400000|100%| O|  |TAMS 0x0000000087400000, 0x0000000087300000| Untracked 
| 116|0x0000000087400000, 0x0000000087500000, 0x0000000087500000|100%| O|  |TAMS 0x0000000087500000, 0x0000000087400000| Untracked 
| 117|0x0000000087500000, 0x0000000087600000, 0x0000000087600000|100%| O|  |TAMS 0x0000000087600000, 0x0000000087500000| Untracked 
| 118|0x0000000087600000, 0x0000000087700000, 0x0000000087700000|100%| O|  |TAMS 0x0000000087700000, 0x0000000087600000| Untracked 
| 119|0x0000000087700000, 0x0000000087800000, 0x0000000087800000|100%| O|  |TAMS 0x0000000087800000, 0x0000000087700000| Untracked 
| 120|0x0000000087800000, 0x0000000087800000, 0x0000000087900000|  0%| F|  |TAMS 0x0000000087800000, 0x0000000087800000| Untracked 
| 121|0x0000000087900000, 0x0000000087900000, 0x0000000087a00000|  0%| F|  |TAMS 0x0000000087900000, 0x0000000087900000| Untracked 
| 122|0x0000000087a00000, 0x0000000087a00000, 0x0000000087b00000|  0%| F|  |TAMS 0x0000000087a00000, 0x0000000087a00000| Untracked 
| 123|0x0000000087b00000, 0x0000000087b00000, 0x0000000087c00000|  0%| F|  |TAMS 0x0000000087b00000, 0x0000000087b00000| Untracked 
| 124|0x0000000087c00000, 0x0000000087c00000, 0x0000000087d00000|  0%| F|  |TAMS 0x0000000087c00000, 0x0000000087c00000| Untracked 
| 125|0x0000000087d00000, 0x0000000087d00000, 0x0000000087e00000|  0%| F|  |TAMS 0x0000000087d00000, 0x0000000087d00000| Untracked 
| 126|0x0000000087e00000, 0x0000000087e00000, 0x0000000087f00000|  0%| F|  |TAMS 0x0000000087e00000, 0x0000000087e00000| Untracked 
| 127|0x0000000087f00000, 0x0000000088000000, 0x0000000088000000|100%| O|  |TAMS 0x0000000088000000, 0x0000000087f00000| Untracked 
| 128|0x0000000088000000, 0x0000000088000000, 0x0000000088100000|  0%| F|  |TAMS 0x0000000088000000, 0x0000000088000000| Untracked 
| 129|0x0000000088100000, 0x0000000088100000, 0x0000000088200000|  0%| F|  |TAMS 0x0000000088100000, 0x0000000088100000| Untracked 
| 130|0x0000000088200000, 0x0000000088200000, 0x0000000088300000|  0%| F|  |TAMS 0x0000000088200000, 0x0000000088200000| Untracked 
| 131|0x0000000088300000, 0x0000000088300000, 0x0000000088400000|  0%| F|  |TAMS 0x0000000088300000, 0x0000000088300000| Untracked 
| 132|0x0000000088400000, 0x0000000088500000, 0x0000000088500000|100%| S|CS|TAMS 0x0000000088400000, 0x0000000088400000| Complete 
| 133|0x0000000088500000, 0x0000000088600000, 0x0000000088600000|100%| S|CS|TAMS 0x0000000088500000, 0x0000000088500000| Complete 
| 134|0x0000000088600000, 0x0000000088700000, 0x0000000088700000|100%| S|CS|TAMS 0x0000000088600000, 0x0000000088600000| Complete 
| 135|0x0000000088700000, 0x0000000088800000, 0x0000000088800000|100%| O|  |TAMS 0x0000000088800000, 0x0000000088700000| Untracked 
| 136|0x0000000088800000, 0x0000000088900000, 0x0000000088900000|100%| O|  |TAMS 0x0000000088900000, 0x0000000088800000| Untracked 
| 137|0x0000000088900000, 0x0000000088a00000, 0x0000000088a00000|100%| O|  |TAMS 0x0000000088a00000, 0x0000000088900000| Untracked 
| 138|0x0000000088a00000, 0x0000000088b00000, 0x0000000088b00000|100%| O|  |TAMS 0x0000000088b00000, 0x0000000088a00000| Untracked 
| 139|0x0000000088b00000, 0x0000000088c00000, 0x0000000088c00000|100%| S|CS|TAMS 0x0000000088b00000, 0x0000000088b00000| Complete 
| 140|0x0000000088c00000, 0x0000000088c00000, 0x0000000088d00000|  0%| F|  |TAMS 0x0000000088c00000, 0x0000000088c00000| Untracked 
| 141|0x0000000088d00000, 0x0000000088d00000, 0x0000000088e00000|  0%| F|  |TAMS 0x0000000088d00000, 0x0000000088d00000| Untracked 
| 142|0x0000000088e00000, 0x0000000088e00000, 0x0000000088f00000|  0%| F|  |TAMS 0x0000000088e00000, 0x0000000088e00000| Untracked 
| 143|0x0000000088f00000, 0x0000000088f00000, 0x0000000089000000|  0%| F|  |TAMS 0x0000000088f00000, 0x0000000088f00000| Untracked 
| 144|0x0000000089000000, 0x0000000089100000, 0x0000000089100000|100%| S|CS|TAMS 0x0000000089000000, 0x0000000089000000| Complete 
| 145|0x0000000089100000, 0x0000000089200000, 0x0000000089200000|100%| S|CS|TAMS 0x0000000089100000, 0x0000000089100000| Complete 
| 146|0x0000000089200000, 0x0000000089200000, 0x0000000089300000|  0%| F|  |TAMS 0x0000000089200000, 0x0000000089200000| Untracked 
| 147|0x0000000089300000, 0x0000000089300000, 0x0000000089400000|  0%| F|  |TAMS 0x0000000089300000, 0x0000000089300000| Untracked 
| 148|0x0000000089400000, 0x0000000089400000, 0x0000000089500000|  0%| F|  |TAMS 0x0000000089400000, 0x0000000089400000| Untracked 
| 149|0x0000000089500000, 0x0000000089500000, 0x0000000089600000|  0%| F|  |TAMS 0x0000000089500000, 0x0000000089500000| Untracked 
| 150|0x0000000089600000, 0x0000000089600000, 0x0000000089700000|  0%| F|  |TAMS 0x0000000089600000, 0x0000000089600000| Untracked 
| 151|0x0000000089700000, 0x0000000089700000, 0x0000000089800000|  0%| F|  |TAMS 0x0000000089700000, 0x0000000089700000| Untracked 
| 152|0x0000000089800000, 0x0000000089800000, 0x0000000089900000|  0%| F|  |TAMS 0x0000000089800000, 0x0000000089800000| Untracked 
| 153|0x0000000089900000, 0x0000000089900000, 0x0000000089a00000|  0%| F|  |TAMS 0x0000000089900000, 0x0000000089900000| Untracked 
| 154|0x0000000089a00000, 0x0000000089a00000, 0x0000000089b00000|  0%| F|  |TAMS 0x0000000089a00000, 0x0000000089a00000| Untracked 
| 155|0x0000000089b00000, 0x0000000089b00000, 0x0000000089c00000|  0%| F|  |TAMS 0x0000000089b00000, 0x0000000089b00000| Untracked 
| 156|0x0000000089c00000, 0x0000000089c00000, 0x0000000089d00000|  0%| F|  |TAMS 0x0000000089c00000, 0x0000000089c00000| Untracked 
| 157|0x0000000089d00000, 0x0000000089d00000, 0x0000000089e00000|  0%| F|  |TAMS 0x0000000089d00000, 0x0000000089d00000| Untracked 
| 158|0x0000000089e00000, 0x0000000089e00000, 0x0000000089f00000|  0%| F|  |TAMS 0x0000000089e00000, 0x0000000089e00000| Untracked 
| 159|0x0000000089f00000, 0x0000000089f00000, 0x000000008a000000|  0%| F|  |TAMS 0x0000000089f00000, 0x0000000089f00000| Untracked 
| 160|0x000000008a000000, 0x000000008a000000, 0x000000008a100000|  0%| F|  |TAMS 0x000000008a000000, 0x000000008a000000| Untracked 
| 161|0x000000008a100000, 0x000000008a100000, 0x000000008a200000|  0%| F|  |TAMS 0x000000008a100000, 0x000000008a100000| Untracked 
| 162|0x000000008a200000, 0x000000008a200000, 0x000000008a300000|  0%| F|  |TAMS 0x000000008a200000, 0x000000008a200000| Untracked 
| 163|0x000000008a300000, 0x000000008a300000, 0x000000008a400000|  0%| F|  |TAMS 0x000000008a300000, 0x000000008a300000| Untracked 
| 164|0x000000008a400000, 0x000000008a400000, 0x000000008a500000|  0%| F|  |TAMS 0x000000008a400000, 0x000000008a400000| Untracked 
| 165|0x000000008a500000, 0x000000008a500000, 0x000000008a600000|  0%| F|  |TAMS 0x000000008a500000, 0x000000008a500000| Untracked 
| 166|0x000000008a600000, 0x000000008a600000, 0x000000008a700000|  0%| F|  |TAMS 0x000000008a600000, 0x000000008a600000| Untracked 
| 167|0x000000008a700000, 0x000000008a700000, 0x000000008a800000|  0%| F|  |TAMS 0x000000008a700000, 0x000000008a700000| Untracked 
| 168|0x000000008a800000, 0x000000008a800000, 0x000000008a900000|  0%| F|  |TAMS 0x000000008a800000, 0x000000008a800000| Untracked 
| 169|0x000000008a900000, 0x000000008a900000, 0x000000008aa00000|  0%| F|  |TAMS 0x000000008a900000, 0x000000008a900000| Untracked 
| 170|0x000000008aa00000, 0x000000008aa00000, 0x000000008ab00000|  0%| F|  |TAMS 0x000000008aa00000, 0x000000008aa00000| Untracked 
| 171|0x000000008ab00000, 0x000000008ab00000, 0x000000008ac00000|  0%| F|  |TAMS 0x000000008ab00000, 0x000000008ab00000| Untracked 
| 172|0x000000008ac00000, 0x000000008ac00000, 0x000000008ad00000|  0%| F|  |TAMS 0x000000008ac00000, 0x000000008ac00000| Untracked 
| 173|0x000000008ad00000, 0x000000008ad00000, 0x000000008ae00000|  0%| F|  |TAMS 0x000000008ad00000, 0x000000008ad00000| Untracked 
| 174|0x000000008ae00000, 0x000000008ae00000, 0x000000008af00000|  0%| F|  |TAMS 0x000000008ae00000, 0x000000008ae00000| Untracked 
| 175|0x000000008af00000, 0x000000008af00000, 0x000000008b000000|  0%| F|  |TAMS 0x000000008af00000, 0x000000008af00000| Untracked 
| 176|0x000000008b000000, 0x000000008b000000, 0x000000008b100000|  0%| F|  |TAMS 0x000000008b000000, 0x000000008b000000| Untracked 
| 177|0x000000008b100000, 0x000000008b1bbcf8, 0x000000008b200000| 73%| E|  |TAMS 0x000000008b100000, 0x000000008b100000| Complete 
| 178|0x000000008b200000, 0x000000008b300000, 0x000000008b300000|100%| E|CS|TAMS 0x000000008b200000, 0x000000008b200000| Complete 
| 179|0x000000008b300000, 0x000000008b400000, 0x000000008b400000|100%| E|CS|TAMS 0x000000008b300000, 0x000000008b300000| Complete 
| 180|0x000000008b400000, 0x000000008b500000, 0x000000008b500000|100%| E|CS|TAMS 0x000000008b400000, 0x000000008b400000| Complete 
| 181|0x000000008b500000, 0x000000008b600000, 0x000000008b600000|100%| E|CS|TAMS 0x000000008b500000, 0x000000008b500000| Complete 
| 182|0x000000008b600000, 0x000000008b700000, 0x000000008b700000|100%| E|CS|TAMS 0x000000008b600000, 0x000000008b600000| Complete 
| 183|0x000000008b700000, 0x000000008b800000, 0x000000008b800000|100%| E|CS|TAMS 0x000000008b700000, 0x000000008b700000| Complete 
| 184|0x000000008b800000, 0x000000008b900000, 0x000000008b900000|100%| E|CS|TAMS 0x000000008b800000, 0x000000008b800000| Complete 

Card table byte_map: [0x0000022270830000,0x0000022270c30000] _byte_map_base: 0x0000022270430000

Marking Bits (Prev, Next): (CMBitMap*) 0x000002225bb71368, (CMBitMap*) 0x000002225bb713a0
 Prev Bits: [0x0000022271030000, 0x0000022273030000)
 Next Bits: [0x0000022273030000, 0x0000022275030000)

Polling page: 0x000002225b920000

Metaspace:

Usage:
  Non-class:    104.88 MB capacity,   103.19 MB ( 98%) used,     1.38 MB (  1%) free+waste,   317.94 KB ( <1%) overhead. 
      Class:     15.30 MB capacity,    14.34 MB ( 94%) used,   842.39 KB (  5%) free+waste,   138.75 KB ( <1%) overhead. 
       Both:    120.18 MB capacity,   117.53 MB ( 98%) used,     2.20 MB (  2%) free+waste,   456.69 KB ( <1%) overhead. 

Virtual space:
  Non-class space:      106.00 MB reserved,     105.00 MB (>99%) committed 
      Class space:        1.00 GB reserved,      15.45 MB (  2%) committed 
             Both:        1.10 GB reserved,     120.45 MB ( 11%) committed 

Chunk freelists:
   Non-Class:  58.00 KB
       Class:  49.00 KB
        Both:  107.00 KB

MaxMetaspaceSize: 17179869184.00 GB
CompressedClassSpaceSize: 1.00 GB

CodeHeap 'non-profiled nmethods': size=120064Kb used=11931Kb max_used=11931Kb free=108132Kb
 bounds [0x00000222688d0000, 0x0000022269480000, 0x000002226fe10000]
CodeHeap 'profiled nmethods': size=120000Kb used=38303Kb max_used=38303Kb free=81696Kb
 bounds [0x00000222613a0000, 0x0000022263920000, 0x00000222688d0000]
CodeHeap 'non-nmethods': size=5696Kb used=2348Kb max_used=2397Kb free=3347Kb
 bounds [0x0000022260e10000, 0x0000022261080000, 0x00000222613a0000]
 total_blobs=17294 nmethods=16328 adapters=875
 compilation: enabled
              stopped_count=0, restarted_count=0
 full_count=0

Compilation events (20 events):
Event: 3690.132 Thread 0x00000222776b6000 17266       3       com.android.tools.r8.internal.F3::c (4 bytes)
Event: 3690.132 Thread 0x00000222776b6000 nmethod 17266 0x0000022261b08310 code [0x0000022261b084c0, 0x0000022261b085f8]
Event: 3690.132 Thread 0x00000222776b6000 17267       3       com.android.tools.r8.internal.i3::f (4 bytes)
Event: 3690.132 Thread 0x00000222776b6000 nmethod 17267 0x0000022261b7b410 code [0x0000022261b7b5c0, 0x0000022261b7b6b8]
Event: 3690.132 Thread 0x00000222776b6000 17269       3       com.android.tools.r8.graph.N0::T (13 bytes)
Event: 3690.132 Thread 0x00000222776b6000 nmethod 17269 0x00000222638fd210 code [0x00000222638fd3c0, 0x00000222638fd578]
Event: 3690.132 Thread 0x00000222776b6000 17270       3       com.android.tools.r8.graph.H0::<init> (36 bytes)
Event: 3690.133 Thread 0x00000222776b6000 nmethod 17270 0x00000222638fd610 code [0x00000222638fd800, 0x00000222638fdc88]
Event: 3690.133 Thread 0x00000222776b6000 17271       3       com.android.tools.r8.graph.q::<init> (5 bytes)
Event: 3690.133 Thread 0x000002227b534000 nmethod 17268 0x0000022269472b10 code [0x0000022269472cc0, 0x0000022269472e98]
Event: 3690.134 Thread 0x00000222776b6000 nmethod 17271 0x00000222638fde10 code [0x00000222638fdfe0, 0x00000222638fe218]
Event: 3690.134 Thread 0x00000222776b6000 17272       3       com.android.tools.r8.graph.L::<init> (33 bytes)
Event: 3690.134 Thread 0x00000222776b6000 nmethod 17272 0x00000222638fe310 code [0x00000222638fe4e0, 0x00000222638fe718]
Event: 3690.134 Thread 0x00000222776b6000 17273       3       com.android.tools.r8.internal.qf::b (47 bytes)
Event: 3690.135 Thread 0x00000222776b6000 nmethod 17273 0x00000222638fe810 code [0x00000222638fea60, 0x00000222638ff2a8]
Event: 3690.137 Thread 0x00000222776b6000 17274       1       com.android.tools.r8.graph.B0$b::i (5 bytes)
Event: 3690.137 Thread 0x00000222776b6000 nmethod 17274 0x0000022269472f90 code [0x0000022269473140, 0x00000222694731d8]
Event: 3690.138 Thread 0x00000222776b6000 17275       1       com.android.tools.r8.graph.L::F (5 bytes)
Event: 3690.138 Thread 0x00000222776b6000 nmethod 17275 0x0000022269473290 code [0x0000022269473440, 0x00000222694734f8]
Event: 3690.140 Thread 0x000002227b534000 17276   !   4       java.util.concurrent.ConcurrentHashMap::transfer (828 bytes)

GC Heap History (20 events):
Event: 3674.264 GC heap before
{Heap before GC invocations=48 (full 0):
 garbage-first heap   total 189440K, used 154351K [0x0000000080000000, 0x0000000100000000)
  region size 1024K, 28 young (28672K), 1 survivors (1024K)
 Metaspace       used 112572K, capacity 115253K, committed 115788K, reserved 1150976K
  class space    used 13967K, capacity 14958K, committed 15180K, reserved 1048576K
}
Event: 3674.267 GC heap after
{Heap after GC invocations=49 (full 0):
 garbage-first heap   total 189440K, used 126276K [0x0000000080000000, 0x0000000100000000)
  region size 1024K, 1 young (1024K), 1 survivors (1024K)
 Metaspace       used 112572K, capacity 115253K, committed 115788K, reserved 1150976K
  class space    used 13967K, capacity 14958K, committed 15180K, reserved 1048576K
}
Event: 3675.423 GC heap before
{Heap before GC invocations=50 (full 0):
 garbage-first heap   total 189440K, used 171332K [0x0000000080000000, 0x0000000100000000)
  region size 1024K, 30 young (30720K), 1 survivors (1024K)
 Metaspace       used 112809K, capacity 115498K, committed 116044K, reserved 1150976K
  class space    used 13984K, capacity 14968K, committed 15180K, reserved 1048576K
}
Event: 3675.428 GC heap after
{Heap after GC invocations=51 (full 0):
 garbage-first heap   total 189440K, used 126553K [0x0000000080000000, 0x0000000100000000)
  region size 1024K, 1 young (1024K), 1 survivors (1024K)
 Metaspace       used 112809K, capacity 115498K, committed 116044K, reserved 1150976K
  class space    used 13984K, capacity 14968K, committed 15180K, reserved 1048576K
}
Event: 3675.763 GC heap before
{Heap before GC invocations=51 (full 0):
 garbage-first heap   total 189440K, used 133721K [0x0000000080000000, 0x0000000100000000)
  region size 1024K, 9 young (9216K), 1 survivors (1024K)
 Metaspace       used 112929K, capacity 115653K, committed 116044K, reserved 1150976K
  class space    used 13993K, capacity 14973K, committed 15180K, reserved 1048576K
}
Event: 3675.810 GC heap after
{Heap after GC invocations=52 (full 0):
 garbage-first heap   total 189440K, used 127263K [0x0000000080000000, 0x0000000100000000)
  region size 1024K, 2 young (2048K), 2 survivors (2048K)
 Metaspace       used 112929K, capacity 115653K, committed 116044K, reserved 1150976K
  class space    used 13993K, capacity 14973K, committed 15180K, reserved 1048576K
}
Event: 3677.467 GC heap before
{Heap before GC invocations=52 (full 0):
 garbage-first heap   total 189440K, used 156959K [0x0000000080000000, 0x0000000100000000)
  region size 1024K, 32 young (32768K), 2 survivors (2048K)
 Metaspace       used 116041K, capacity 118726K, committed 119372K, reserved 1153024K
  class space    used 14229K, capacity 15199K, committed 15436K, reserved 1048576K
}
Event: 3677.478 GC heap after
{Heap after GC invocations=53 (full 0):
 garbage-first heap   total 189440K, used 130868K [0x0000000080000000, 0x0000000100000000)
  region size 1024K, 4 young (4096K), 4 survivors (4096K)
 Metaspace       used 116041K, capacity 118726K, committed 119372K, reserved 1153024K
  class space    used 14229K, capacity 15199K, committed 15436K, reserved 1048576K
}
Event: 3678.488 GC heap before
{Heap before GC invocations=53 (full 0):
 garbage-first heap   total 189440K, used 158516K [0x0000000080000000, 0x0000000100000000)
  region size 1024K, 32 young (32768K), 4 survivors (4096K)
 Metaspace       used 116434K, capacity 119078K, committed 119628K, reserved 1153024K
  class space    used 14253K, capacity 15231K, committed 15436K, reserved 1048576K
}
Event: 3678.503 GC heap after
{Heap after GC invocations=54 (full 0):
 garbage-first heap   total 189440K, used 135259K [0x0000000080000000, 0x0000000100000000)
  region size 1024K, 4 young (4096K), 4 survivors (4096K)
 Metaspace       used 116434K, capacity 119078K, committed 119628K, reserved 1153024K
  class space    used 14253K, capacity 15231K, committed 15436K, reserved 1048576K
}
Event: 3679.747 GC heap before
{Heap before GC invocations=54 (full 0):
 garbage-first heap   total 189440K, used 159835K [0x0000000080000000, 0x0000000100000000)
  region size 1024K, 28 young (28672K), 4 survivors (4096K)
 Metaspace       used 116491K, capacity 119206K, committed 119628K, reserved 1153024K
  class space    used 14254K, capacity 15231K, committed 15436K, reserved 1048576K
}
Event: 3679.753 GC heap after
{Heap after GC invocations=55 (full 0):
 garbage-first heap   total 189440K, used 133782K [0x0000000080000000, 0x0000000100000000)
  region size 1024K, 1 young (1024K), 1 survivors (1024K)
 Metaspace       used 116491K, capacity 119206K, committed 119628K, reserved 1153024K
  class space    used 14254K, capacity 15231K, committed 15436K, reserved 1048576K
}
Event: 3683.274 GC heap before
{Heap before GC invocations=56 (full 0):
 garbage-first heap   total 189440K, used 147094K [0x0000000080000000, 0x0000000100000000)
  region size 1024K, 28 young (28672K), 1 survivors (1024K)
 Metaspace       used 117904K, capacity 120610K, committed 121036K, reserved 1155072K
  class space    used 14396K, capacity 15375K, committed 15564K, reserved 1048576K
}
Event: 3683.278 GC heap after
{Heap after GC invocations=57 (full 0):
 garbage-first heap   total 189440K, used 120115K [0x0000000080000000, 0x0000000100000000)
  region size 1024K, 1 young (1024K), 1 survivors (1024K)
 Metaspace       used 117904K, capacity 120610K, committed 121036K, reserved 1155072K
  class space    used 14396K, capacity 15375K, committed 15564K, reserved 1048576K
}
Event: 3683.789 GC heap before
{Heap before GC invocations=57 (full 0):
 garbage-first heap   total 189440K, used 128307K [0x0000000080000000, 0x0000000100000000)
  region size 1024K, 9 young (9216K), 1 survivors (1024K)
 Metaspace       used 118053K, capacity 120683K, committed 121036K, reserved 1155072K
  class space    used 14399K, capacity 15375K, committed 15564K, reserved 1048576K
}
Event: 3683.809 GC heap after
{Heap after GC invocations=58 (full 0):
 garbage-first heap   total 189440K, used 110818K [0x0000000080000000, 0x0000000100000000)
  region size 1024K, 2 young (2048K), 2 survivors (2048K)
 Metaspace       used 118053K, capacity 120683K, committed 121036K, reserved 1155072K
  class space    used 14399K, capacity 15375K, committed 15564K, reserved 1048576K
}
Event: 3688.495 GC heap before
{Heap before GC invocations=58 (full 0):
 garbage-first heap   total 189440K, used 149730K [0x0000000080000000, 0x0000000100000000)
  region size 1024K, 41 young (41984K), 2 survivors (2048K)
 Metaspace       used 118705K, capacity 121421K, committed 121804K, reserved 1155072K
  class space    used 14462K, capacity 15459K, committed 15564K, reserved 1048576K
}
Event: 3688.507 GC heap after
{Heap after GC invocations=59 (full 0):
 garbage-first heap   total 189440K, used 112441K [0x0000000080000000, 0x0000000100000000)
  region size 1024K, 4 young (4096K), 4 survivors (4096K)
 Metaspace       used 118705K, capacity 121421K, committed 121804K, reserved 1155072K
  class space    used 14462K, capacity 15459K, committed 15564K, reserved 1048576K
}
Event: 3689.940 GC heap before
{Heap before GC invocations=59 (full 0):
 garbage-first heap   total 189440K, used 151353K [0x0000000080000000, 0x0000000100000000)
  region size 1024K, 43 young (44032K), 4 survivors (4096K)
 Metaspace       used 119588K, capacity 122318K, committed 122444K, reserved 1157120K
  class space    used 14586K, capacity 15585K, committed 15692K, reserved 1048576K
}
Event: 3689.952 GC heap after
{Heap after GC invocations=60 (full 0):
 garbage-first heap   total 189440K, used 118236K [0x0000000080000000, 0x0000000100000000)
  region size 1024K, 6 young (6144K), 6 survivors (6144K)
 Metaspace       used 119588K, capacity 122318K, committed 122444K, reserved 1157120K
  class space    used 14586K, capacity 15585K, committed 15692K, reserved 1048576K
}

Deoptimization events (20 events):
Event: 3689.787 Thread 0x000002227f5c4000 DEOPT PACKING pc=0x00000222632d7840 sp=0x0000008260ffaac0
Event: 3689.787 Thread 0x000002227f5c4000 DEOPT UNPACKING pc=0x0000022260e376ce sp=0x0000008260ff9f48 mode 0
Event: 3689.803 Thread 0x000002227f5bc800 DEOPT PACKING pc=0x000002226382bbf6 sp=0x0000008260efa720
Event: 3689.803 Thread 0x000002227f5bc800 DEOPT UNPACKING pc=0x0000022260e376ce sp=0x0000008260ef9c40 mode 0
Event: 3689.963 Thread 0x000002227f5c4000 DEOPT PACKING pc=0x000002226382bbd5 sp=0x0000008260ffa390
Event: 3689.963 Thread 0x000002227f5c4000 DEOPT UNPACKING pc=0x0000022260e376ce sp=0x0000008260ff98b0 mode 0
Event: 3689.999 Thread 0x000002227f5bc800 Uncommon trap: trap_request=0xffffff4d fr.pc=0x0000022269469540 relative=0x0000000000000800
Event: 3689.999 Thread 0x000002227f5bc800 Uncommon trap: reason=unstable_if action=reinterpret pc=0x0000022269469540 method=com.android.tools.r8.graph.c0.a(C)I @ 1 c2
Event: 3689.999 Thread 0x000002227f5bc800 DEOPT PACKING pc=0x0000022269469540 sp=0x0000008260efa2a0
Event: 3689.999 Thread 0x000002227f5bc800 DEOPT UNPACKING pc=0x0000022260e378af sp=0x0000008260efa1f8 mode 2
Event: 3689.999 Thread 0x000002227f5bc800 Uncommon trap: trap_request=0xffffff4d fr.pc=0x0000022268f7d00c relative=0x000000000000006c
Event: 3689.999 Thread 0x000002227f5bc800 Uncommon trap: reason=unstable_if action=reinterpret pc=0x0000022268f7d00c method=com.android.tools.r8.graph.c0.a(C[BI)I @ 1 c2
Event: 3689.999 Thread 0x000002227f5bc800 DEOPT PACKING pc=0x0000022268f7d00c sp=0x0000008260efa240
Event: 3689.999 Thread 0x000002227f5bc800 DEOPT UNPACKING pc=0x0000022260e378af sp=0x0000008260efa1e0 mode 2
Event: 3690.041 Thread 0x000002227f5bc800 DEOPT PACKING pc=0x000002226382bbd5 sp=0x0000008260efa3e0
Event: 3690.041 Thread 0x000002227f5bc800 DEOPT UNPACKING pc=0x0000022260e376ce sp=0x0000008260ef9900 mode 0
Event: 3690.122 Thread 0x000002227f5c4000 DEOPT PACKING pc=0x000002226382bbd5 sp=0x0000008260ff9cb0
Event: 3690.122 Thread 0x000002227f5c4000 DEOPT UNPACKING pc=0x0000022260e376ce sp=0x0000008260ff91d0 mode 0
Event: 3690.140 Thread 0x000002227f5c4000 DEOPT PACKING pc=0x000002226382bbf6 sp=0x0000008260ffa020
Event: 3690.140 Thread 0x000002227f5c4000 DEOPT UNPACKING pc=0x0000022260e376ce sp=0x0000008260ff9540 mode 0

Classes redefined (0 events):
No events

Internal exceptions (20 events):
Event: 3681.068 Thread 0x000002227be1d800 Exception <a 'sun/nio/fs/WindowsException'{0x000000008abe7c80}> (0x000000008abe7c80) thrown at [./src/hotspot/share/prims/jni.cpp, line 615]
Event: 3681.069 Thread 0x000002227be1d800 Exception <a 'sun/nio/fs/WindowsException'{0x000000008abe8b38}> (0x000000008abe8b38) thrown at [./src/hotspot/share/prims/jni.cpp, line 615]
Event: 3681.069 Thread 0x000002227be1d800 Exception <a 'sun/nio/fs/WindowsException'{0x000000008abe9098}> (0x000000008abe9098) thrown at [./src/hotspot/share/prims/jni.cpp, line 615]
Event: 3681.069 Thread 0x000002227be1d800 Exception <a 'sun/nio/fs/WindowsException'{0x000000008abe9f18}> (0x000000008abe9f18) thrown at [./src/hotspot/share/prims/jni.cpp, line 615]
Event: 3681.069 Thread 0x000002227be1d800 Exception <a 'sun/nio/fs/WindowsException'{0x000000008abea1c0}> (0x000000008abea1c0) thrown at [./src/hotspot/share/prims/jni.cpp, line 615]
Event: 3681.069 Thread 0x000002227be1d800 Exception <a 'sun/nio/fs/WindowsException'{0x000000008abeb2d8}> (0x000000008abeb2d8) thrown at [./src/hotspot/share/prims/jni.cpp, line 615]
Event: 3683.965 Thread 0x000002227be23000 Exception <a 'sun/nio/fs/WindowsException'{0x000000008b688d98}> (0x000000008b688d98) thrown at [./src/hotspot/share/prims/jni.cpp, line 615]
Event: 3683.965 Thread 0x000002227be23000 Exception <a 'sun/nio/fs/WindowsException'{0x000000008b68bb30}> (0x000000008b68bb30) thrown at [./src/hotspot/share/prims/jni.cpp, line 615]
Event: 3683.981 Thread 0x000002227be25000 Exception <a 'sun/nio/fs/WindowsException'{0x000000008b50bc80}> (0x000000008b50bc80) thrown at [./src/hotspot/share/prims/jni.cpp, line 615]
Event: 3687.077 Thread 0x000002227f5bc800 Exception <a 'sun/nio/fs/WindowsException'{0x000000008a593070}> (0x000000008a593070) thrown at [./src/hotspot/share/prims/jni.cpp, line 615]
Event: 3687.279 Thread 0x000002227f5c4000 Exception <a 'sun/nio/fs/WindowsException'{0x000000008a123248}> (0x000000008a123248) thrown at [./src/hotspot/share/prims/jni.cpp, line 615]
Event: 3687.366 Thread 0x000002227f5bc800 Exception <a 'sun/nio/fs/WindowsException'{0x000000008a14b458}> (0x000000008a14b458) thrown at [./src/hotspot/share/prims/jni.cpp, line 615]
Event: 3687.715 Thread 0x000002227f5c4000 Exception <a 'sun/nio/fs/WindowsException'{0x00000000898d5f80}> (0x00000000898d5f80) thrown at [./src/hotspot/share/prims/jni.cpp, line 615]
Event: 3688.254 Thread 0x000002227f5c4000 Exception <a 'sun/nio/fs/WindowsException'{0x00000000894ebd50}> (0x00000000894ebd50) thrown at [./src/hotspot/share/prims/jni.cpp, line 615]
Event: 3688.307 Thread 0x000002227f5b7800 Exception <a 'sun/nio/fs/WindowsException'{0x000000008918bc70}> (0x000000008918bc70) thrown at [./src/hotspot/share/prims/jni.cpp, line 615]
Event: 3689.801 Thread 0x000002227f5bc800 Exception <a 'sun/nio/fs/WindowsException'{0x0000000089f28668}> (0x0000000089f28668) thrown at [./src/hotspot/share/prims/jni.cpp, line 615]
Event: 3689.911 Thread 0x000002227f5bc800 Exception <a 'java/lang/IncompatibleClassChangeError'{0x00000000894002f0}: Found class java.lang.Object, but interface was expected> (0x00000000894002f0) thrown at [./src/hotspot/share/interpreter/linkResolver.cpp, line 839]
Event: 3689.962 Thread 0x000002227f5c4000 Exception <a 'sun/nio/fs/WindowsException'{0x000000008b7a5e10}> (0x000000008b7a5e10) thrown at [./src/hotspot/share/prims/jni.cpp, line 615]
Event: 3690.022 Thread 0x000002227f5bc800 Exception <a 'java/lang/NoSuchMethodError'{0x000000008b57e428}: 'java.lang.Object java.lang.invoke.DirectMethodHandle$Holder.invokeStatic(java.lang.Object, long)'> (0x000000008b57e428) thrown at [./src/hotspot/share/interpreter/linkResolver.cpp, line 773]
Event: 3690.024 Thread 0x000002227f5c4000 Exception <a 'java/lang/NoSuchMethodError'{0x000000008b5658b0}: 'java.lang.Object java.lang.invoke.Invokers$Holder.linkToTargetMethod(long, java.lang.Object)'> (0x000000008b5658b0) thrown at [./src/hotspot/share/interpreter/linkResolver.cpp, line 773]

Events (20 events):
Event: 3690.157 loading class com/android/tools/r8/internal/ou
Event: 3690.157 loading class com/android/tools/r8/internal/ou done
Event: 3690.157 loading class com/android/tools/r8/graph/P
Event: 3690.157 loading class com/android/tools/r8/graph/P done
Event: 3690.157 loading class com/android/tools/r8/internal/qr
Event: 3690.157 loading class com/android/tools/r8/internal/qr done
Event: 3690.157 loading class com/android/tools/r8/internal/GF
Event: 3690.157 loading class com/android/tools/r8/internal/GF done
Event: 3690.158 loading class com/android/tools/r8/graph/P
Event: 3690.158 loading class com/android/tools/r8/graph/P done
Event: 3690.158 loading class com/android/tools/r8/internal/mu$e
Event: 3690.158 loading class com/android/tools/r8/internal/mu$e done
Event: 3690.159 loading class com/android/tools/r8/internal/A0
Event: 3690.159 loading class com/android/tools/r8/internal/A0 done
Event: 3690.160 loading class com/android/tools/r8/internal/z0
Event: 3690.160 loading class com/android/tools/r8/internal/z0 done
Event: 3690.160 loading class com/android/tools/r8/internal/t0
Event: 3690.160 loading class com/android/tools/r8/internal/t0 done
Event: 3690.163 loading class com/android/tools/r8/internal/Du
Event: 3690.163 loading class com/android/tools/r8/internal/Du done


Dynamic libraries:
0x00007ff6121d0000 - 0x00007ff6121da000 	V:\Andro\jre\bin\java.exe
0x00007ffffc860000 - 0x00007ffffca50000 	C:\Windows\SYSTEM32\ntdll.dll
0x00007ffffc270000 - 0x00007ffffc322000 	C:\Windows\System32\KERNEL32.DLL
0x00007ffffa440000 - 0x00007ffffa6e3000 	C:\Windows\System32\KERNELBASE.dll
0x00007ffff9960000 - 0x00007ffff9a5a000 	C:\Windows\System32\ucrtbase.dll
0x00007ffff2b30000 - 0x00007ffff2b47000 	V:\Andro\jre\bin\VCRUNTIME140.dll
0x00007ffff1920000 - 0x00007ffff1939000 	V:\Andro\jre\bin\jli.dll
0x00007ffffbf20000 - 0x00007ffffc0b4000 	C:\Windows\System32\USER32.dll
0x00007fffe5120000 - 0x00007fffe53a5000 	C:\Windows\WinSxS\amd64_microsoft.windows.common-controls_6595b64144ccf1df_6.0.18362.778_none_e6c6b761130d4fb8\COMCTL32.dll
0x00007ffffa3e0000 - 0x00007ffffa401000 	C:\Windows\System32\win32u.dll
0x00007ffffc330000 - 0x00007ffffc3ce000 	C:\Windows\System32\msvcrt.dll
0x00007ffffb2f0000 - 0x00007ffffb316000 	C:\Windows\System32\GDI32.dll
0x00007ffffa990000 - 0x00007ffffacc6000 	C:\Windows\System32\combase.dll
0x00007ffffc480000 - 0x00007ffffc5a0000 	C:\Windows\System32\RPCRT4.dll
0x00007ffffa770000 - 0x00007ffffa904000 	C:\Windows\System32\gdi32full.dll
0x00007ffff97f0000 - 0x00007ffff988e000 	C:\Windows\System32\msvcp_win.dll
0x00007ffffa6f0000 - 0x00007ffffa770000 	C:\Windows\System32\bcryptPrimitives.dll
0x00007ffffc190000 - 0x00007ffffc1be000 	C:\Windows\System32\IMM32.DLL
0x00007fffcc480000 - 0x00007fffcc51d000 	V:\Andro\jre\bin\msvcp140.dll
0x00007fffc4ee0000 - 0x00007fffc59af000 	V:\Andro\jre\bin\server\jvm.dll
0x00007ffffc1c0000 - 0x00007ffffc263000 	C:\Windows\System32\ADVAPI32.dll
0x00007ffffb250000 - 0x00007ffffb2e7000 	C:\Windows\System32\sechost.dll
0x00007ffffb3f0000 - 0x00007ffffb3f8000 	C:\Windows\System32\PSAPI.DLL
0x00007fffe41d0000 - 0x00007fffe41d9000 	C:\Windows\SYSTEM32\WSOCK32.dll
0x00007ffffb400000 - 0x00007ffffb46f000 	C:\Windows\System32\WS2_32.dll
0x00007ffff4a00000 - 0x00007ffff4a24000 	C:\Windows\SYSTEM32\WINMM.dll
0x00007ffff11b0000 - 0x00007ffff11ba000 	C:\Windows\SYSTEM32\VERSION.dll
0x00007ffff49d0000 - 0x00007ffff49fd000 	C:\Windows\SYSTEM32\WINMMBASE.dll
0x00007ffff9910000 - 0x00007ffff995a000 	C:\Windows\System32\cfgmgr32.dll
0x00007ffff97d0000 - 0x00007ffff97e1000 	C:\Windows\System32\kernel.appcore.dll
0x00007ffff5950000 - 0x00007ffff5961000 	V:\Andro\jre\bin\verify.dll
0x00007ffff7ec0000 - 0x00007ffff80b4000 	C:\Windows\SYSTEM32\DBGHELP.DLL
0x00007fffe1fc0000 - 0x00007fffe1fea000 	C:\Windows\SYSTEM32\dbgcore.DLL
0x00007ffff58a0000 - 0x00007ffff58c9000 	V:\Andro\jre\bin\java.dll
0x00007ffff5900000 - 0x00007ffff590b000 	V:\Andro\jre\bin\jimage.dll
0x00007ffff5880000 - 0x00007ffff5898000 	V:\Andro\jre\bin\zip.dll
0x00007ffffb470000 - 0x00007ffffbb55000 	C:\Windows\System32\SHELL32.dll
0x00007ffffbd10000 - 0x00007ffffbdb9000 	C:\Windows\System32\shcore.dll
0x00007ffff9b10000 - 0x00007ffffa290000 	C:\Windows\System32\windows.storage.dll
0x00007ffff9730000 - 0x00007ffff9753000 	C:\Windows\System32\profapi.dll
0x00007ffff9780000 - 0x00007ffff97ca000 	C:\Windows\System32\powrprof.dll
0x00007ffff9720000 - 0x00007ffff9730000 	C:\Windows\System32\UMPDC.dll
0x00007ffffbca0000 - 0x00007ffffbcf2000 	C:\Windows\System32\shlwapi.dll
0x00007ffff9890000 - 0x00007ffff98a7000 	C:\Windows\System32\cryptsp.dll
0x00007ffff5860000 - 0x00007ffff587a000 	V:\Andro\jre\bin\net.dll
0x00007fffebd00000 - 0x00007fffebdf0000 	C:\Windows\SYSTEM32\WINHTTP.dll
0x00007ffff8f40000 - 0x00007ffff8fa7000 	C:\Windows\system32\mswsock.dll
0x00007ffff5780000 - 0x00007ffff5794000 	V:\Andro\jre\bin\nio.dll
0x00007ffff20b0000 - 0x00007ffff20d7000 	C:\Users\Waldemar\.gradle\native\8bec1ad78214c89d9ad589b4d07fe93259594b29d510b10fafb7a158f7737e5d\windows-amd64\native-platform.dll
0x00007fffcc6c0000 - 0x00007fffcc7fd000 	C:\Users\Waldemar\.gradle\native\53dbd7edfb1c66fb8903c78663c9afc45aea4f116125fa6feffd364cf09443e8\windows-amd64\native-platform-file-events.dll
0x00007ffff5770000 - 0x00007ffff577a000 	V:\Andro\jre\bin\management.dll
0x00007ffff4a40000 - 0x00007ffff4a4c000 	V:\Andro\jre\bin\management_ext.dll
0x00007ffff8ac0000 - 0x00007ffff8af3000 	C:\Windows\system32\rsaenh.dll
0x00007ffffa410000 - 0x00007ffffa436000 	C:\Windows\System32\bcrypt.dll
0x00007ffff9610000 - 0x00007ffff9635000 	C:\Windows\SYSTEM32\USERENV.dll
0x00007ffff90c0000 - 0x00007ffff90cc000 	C:\Windows\SYSTEM32\CRYPTBASE.dll
0x00007ffff8c60000 - 0x00007ffff8c9a000 	C:\Windows\SYSTEM32\IPHLPAPI.DLL
0x00007ffffb1c0000 - 0x00007ffffb1c8000 	C:\Windows\System32\NSI.dll
0x00007fffec040000 - 0x00007fffec056000 	C:\Windows\SYSTEM32\dhcpcsvc6.DLL
0x00007fffec320000 - 0x00007fffec33c000 	C:\Windows\SYSTEM32\dhcpcsvc.DLL
0x00007ffff8ca0000 - 0x00007ffff8d6a000 	C:\Windows\SYSTEM32\DNSAPI.dll

dbghelp: loaded successfully - version: 4.0.5 - missing functions: none
symbol engine: initialized successfully - sym options: 0x614 - pdb path: .;V:\Andro\jre\bin;C:\Windows\SYSTEM32;C:\Windows\WinSxS\amd64_microsoft.windows.common-controls_6595b64144ccf1df_6.0.18362.778_none_e6c6b761130d4fb8;V:\Andro\jre\bin\server;C:\Users\Waldemar\.gradle\native\8bec1ad78214c89d9ad589b4d07fe93259594b29d510b10fafb7a158f7737e5d\windows-amd64;C:\Users\Waldemar\.gradle\native\53dbd7edfb1c66fb8903c78663c9afc45aea4f116125fa6feffd364cf09443e8\windows-amd64

VM Arguments:
jvm_args: --add-opens=java.base/java.util=ALL-UNNAMED --add-opens=java.base/java.lang=ALL-UNNAMED --add-opens=java.base/java.lang.invoke=ALL-UNNAMED --add-opens=java.base/java.util=ALL-UNNAMED --add-opens=java.prefs/java.util.prefs=ALL-UNNAMED --add-opens=java.prefs/java.util.prefs=ALL-UNNAMED --add-opens=java.base/java.nio.charset=ALL-UNNAMED --add-opens=java.base/java.net=ALL-UNNAMED --add-opens=java.base/java.util.concurrent.atomic=ALL-UNNAMED -Xmx2048m -Dfile.encoding=UTF-8 -Duser.country=US -Duser.language=en -Duser.variant 
java_command: org.gradle.launcher.daemon.bootstrap.GradleDaemon 7.0.2
java_class_path (initial): C:\Users\Waldemar\.gradle\wrapper\dists\gradle-7.0.2-bin\857tjihv64xamwrf0h14cai3r\gradle-7.0.2\lib\gradle-launcher-7.0.2.jar
Launcher Type: SUN_STANDARD

[Global flags]
     intx CICompilerCount                          = 3                                         {product} {ergonomic}
     uint ConcGCThreads                            = 1                                         {product} {ergonomic}
     uint G1ConcRefinementThreads                  = 4                                         {product} {ergonomic}
   size_t G1HeapRegionSize                         = 1048576                                   {product} {ergonomic}
    uintx GCDrainStackTargetSize                   = 64                                        {product} {ergonomic}
   size_t InitialHeapSize                          = 134217728                                 {product} {ergonomic}
   size_t MarkStackSize                            = 4194304                                   {product} {ergonomic}
   size_t MaxHeapSize                              = 2147483648                                {product} {command line}
   size_t MaxNewSize                               = 1287651328                                {product} {ergonomic}
   size_t MinHeapDeltaBytes                        = 1048576                                   {product} {ergonomic}
    uintx NonNMethodCodeHeapSize                   = 5830732                                {pd product} {ergonomic}
    uintx NonProfiledCodeHeapSize                  = 122913754                              {pd product} {ergonomic}
    uintx ProfiledCodeHeapSize                     = 122913754                              {pd product} {ergonomic}
    uintx ReservedCodeCacheSize                    = 251658240                              {pd product} {ergonomic}
     bool SegmentedCodeCache                       = true                                      {product} {ergonomic}
     bool UseCompressedClassPointers               = true                                 {lp64_product} {ergonomic}
     bool UseCompressedOops                        = true                                 {lp64_product} {ergonomic}
     bool UseG1GC                                  = true                                      {product} {ergonomic}
     bool UseLargePagesIndividualAllocation        = false                                  {pd product} {ergonomic}

Logging:
Log output configuration:
 #0: stdout all=warning uptime,level,tags
 #1: stderr all=off uptime,level,tags

Environment Variables:
PATH=C:\Windows\system32;C:\Windows;C:\Windows\System32\Wbem;C:\Windows\System32\WindowsPowerShell\v1.0\;C:\Windows\System32\OpenSSH\;E:\Git\cmd;C:\ProgramData\chocolatey\bin;E:\nodejs\;C:\Users\Waldemar\AppData\Local\Microsoft\WindowsApps;E:\Microsoft VS Code\bin;C:\Users\\AppData\Roaming\npm
USERNAME=Vladimir
OS=Windows_NT
PROCESSOR_IDENTIFIER=Intel64 Family 6 Model 142 Stepping 9, GenuineIntel



---------------  S Y S T E M  ---------------

OS: Windows 10 , 64 bit Build 18362 (10.0.18362.778)
OS uptime: 2 days 12:46 hours
Hyper-V role detected

CPU:total 4 (initial active 4) (2 cores per cpu, 2 threads per core) family 6 model 142 stepping 9 microcode 0x9a, cmov, cx8, fxsr, mmx, sse, sse2, sse3, ssse3, sse4.1, sse4.2, popcnt, avx, avx2, aes, clmul, erms, 3dnowpref, lzcnt, ht, tsc, tscinvbit, bmi1, bmi2, adx, fma

Memory: 4k page, system-wide physical 8107M (808M free)
TotalPageFile size 10155M (AvailPageFile size 3M)
current process WorkingSet (physical memory assigned to process): 444M, peak: 481M
current process commit charge ("private bytes"): 538M, peak: 539M

vm_info: OpenJDK 64-Bit Server VM (11.0.10+0-b96-7249189) for windows-amd64 JRE (11.0.10+0-b96-7249189), built on Mar 31 2021 21:44:00 by "builder" with MS VC++ 14.0 (VS2015)

END.
