JvmtiExport can_access_local_variables 0
JvmtiExport can_hotswap_or_post_breakpoint 0
JvmtiExport can_post_on_exceptions 0
# 177 ciObject found
instanceKlass com/android/tools/r8/internal/mu$d
instanceKlass com/android/tools/r8/internal/nu
instanceKlass com/android/tools/r8/internal/qr$$Lambda$1323
instanceKlass com/android/tools/r8/internal/mu$f
instanceKlass com/android/tools/r8/internal/Ju
instanceKlass com/android/tools/r8/internal/Au
instanceKlass com/android/tools/r8/internal/Du
instanceKlass com/android/tools/r8/internal/ir$$Lambda$1322
instanceKlass com/android/tools/r8/internal/qr$$Lambda$1321
instanceKlass com/android/tools/r8/internal/pu
instanceKlass com/android/tools/r8/internal/Pu
instanceKlass com/android/tools/r8/internal/r0
instanceKlass com/android/tools/r8/internal/ou
instanceKlass com/android/tools/r8/graph/j0$h
instanceKlass com/android/tools/r8/internal/J8
instanceKlass com/android/tools/r8/internal/ir
instanceKlass com/android/tools/r8/internal/hr
instanceKlass com/android/tools/r8/internal/Rr
instanceKlass java/lang/invoke/LambdaForm$MH
instanceKlass java/lang/invoke/LambdaForm$MH
instanceKlass java/lang/invoke/LambdaForm$DMH
instanceKlass java/lang/invoke/LambdaForm$DMH
instanceKlass com/android/tools/r8/graph/B0$b$$Lambda$1320
instanceKlass java/lang/invoke/LambdaForm$DMH
instanceKlass com/android/tools/r8/graph/B0$b$$Lambda$1319
instanceKlass java/lang/invoke/LambdaForm$DMH
instanceKlass com/android/tools/r8/internal/Qn$a
instanceKlass com/android/tools/r8/shaking/a1
instanceKlass com/android/tools/r8/internal/Qn
instanceKlass com/android/tools/r8/internal/o6
instanceKlass com/android/tools/r8/internal/Ag
instanceKlass com/android/tools/r8/internal/tn
instanceKlass com/android/tools/r8/ir/optimize/info/c
instanceKlass com/android/tools/r8/internal/Sb$a
instanceKlass com/android/tools/r8/graph/B0$a$$Lambda$1318
instanceKlass com/android/tools/r8/internal/G8
instanceKlass com/android/tools/r8/graph/B0$$Lambda$1317
instanceKlass java/lang/invoke/LambdaForm$DMH
instanceKlass com/android/tools/r8/internal/Sn
instanceKlass com/android/tools/r8/internal/En
instanceKlass com/android/tools/r8/internal/F3
instanceKlass com/android/tools/r8/ir/optimize/info/e
instanceKlass com/android/tools/r8/graph/j0$n
instanceKlass com/android/tools/r8/graph/j0$l
instanceKlass com/android/tools/r8/internal/Sb
instanceKlass com/android/tools/r8/internal/ng
instanceKlass com/android/tools/r8/graph/j0$m
instanceKlass com/android/tools/r8/graph/A0$$Lambda$1316
instanceKlass com/android/tools/r8/graph/A0$$Lambda$1315
instanceKlass com/android/tools/r8/internal/SF
instanceKlass com/android/tools/r8/internal/K1
instanceKlass com/android/tools/r8/internal/q5$$Lambda$1314
instanceKlass com/android/tools/r8/internal/q5$$Lambda$1313
instanceKlass com/android/tools/r8/internal/EE$b
instanceKlass com/android/tools/r8/internal/q5$$Lambda$1312
instanceKlass com/android/tools/r8/internal/FE
instanceKlass com/android/tools/r8/internal/GE
instanceKlass com/android/tools/r8/internal/o9$$Lambda$1311
instanceKlass com/android/tools/r8/internal/VA
instanceKlass com/android/tools/r8/internal/o9
instanceKlass com/android/tools/r8/internal/EE$$Lambda$1310
instanceKlass com/android/tools/r8/internal/EE$a
instanceKlass com/android/tools/r8/internal/P8
instanceKlass com/android/tools/r8/graph/j0$p
instanceKlass com/android/tools/r8/graph/j0
instanceKlass com/android/tools/r8/graph/B0$e
instanceKlass com/android/tools/r8/internal/Ic
instanceKlass com/android/tools/r8/internal/Br
instanceKlass com/android/tools/r8/internal/F8
instanceKlass com/android/tools/r8/internal/Y1
instanceKlass com/android/tools/r8/internal/ko
instanceKlass com/android/tools/r8/internal/U6
instanceKlass com/android/tools/r8/utils/w$$Lambda$1309
instanceKlass com/android/tools/r8/position/Position$a
instanceKlass com/android/tools/r8/position/Position
instanceKlass com/android/tools/r8/graph/B0$$Lambda$1308
instanceKlass com/google/common/util/concurrent/InterruptibleTask$DoNothingRunnable
instanceKlass com/android/tools/r8/dex/a$a$$Lambda$1307
instanceKlass com/android/tools/r8/dex/a$a$$Lambda$1306
instanceKlass com/android/tools/r8/internal/k1
instanceKlass com/android/tools/r8/graph/B0
instanceKlass com/android/tools/r8/D8$$Lambda$1305
instanceKlass com/android/tools/r8/e$b
instanceKlass com/android/tools/r8/e
instanceKlass com/android/tools/r8/internal/qg
instanceKlass com/android/tools/r8/inspector/Inspector
instanceKlass com/android/tools/r8/internal/L1
instanceKlass com/android/tools/r8/D8
instanceKlass com/android/tools/r8/DataResourceProvider
instanceKlass com/android/tools/r8/utils/c$b$a
instanceKlass com/android/tools/r8/shaking/f1
instanceKlass com/android/tools/r8/BaseCommand$Builder$$Lambda$1304
instanceKlass com/android/tools/r8/BaseCommand$Builder$$Lambda$1303
instanceKlass com/android/tools/r8/utils/A
instanceKlass com/android/tools/r8/BaseCommand$Builder$$Lambda$1302
instanceKlass com/android/builder/dexing/D8DexArchiveBuilder$$Lambda$1301
instanceKlass com/android/tools/r8/AssertionsConfiguration
instanceKlass com/android/tools/r8/AssertionsConfiguration$Builder
instanceKlass com/android/tools/r8/internal/Aa
instanceKlass com/android/tools/r8/internal/wv
instanceKlass com/android/tools/r8/utils/x
instanceKlass com/android/tools/r8/ProgramResource$ByteResource
instanceKlass com/android/tools/r8/ProgramResource
instanceKlass com/android/tools/r8/BaseCommand$Builder$$Lambda$1300
instanceKlass com/android/tools/r8/BaseCommand$Builder$$Lambda$1299
instanceKlass com/android/builder/dexing/NoCacheJarClassFileEntry
instanceKlass com/android/builder/dexing/D8DexArchiveBuilder$$Lambda$1298
instanceKlass com/android/tools/r8/internal/Oa
instanceKlass com/android/tools/r8/BaseCompilerCommand$Builder$$Lambda$1297
instanceKlass com/android/tools/r8/BaseCompilerCommand$Builder$$Lambda$1296
instanceKlass com/android/tools/r8/ClassFileConsumer$ForwardingConsumer
instanceKlass com/android/tools/r8/ClassFileConsumer
instanceKlass com/android/tools/r8/DexFilePerClassFileConsumer$ForwardingConsumer
instanceKlass com/android/tools/r8/DexFilePerClassFileConsumer
instanceKlass com/android/tools/r8/i
instanceKlass com/android/tools/r8/DataResourceConsumer
instanceKlass com/android/tools/r8/DexIndexedConsumer$ForwardingConsumer
instanceKlass com/android/tools/r8/DexIndexedConsumer
instanceKlass com/android/tools/r8/ByteBufferProvider
instanceKlass com/android/tools/r8/ProgramConsumer
instanceKlass com/android/tools/r8/internal/Jj
instanceKlass com/android/tools/r8/BaseCommand$Builder
instanceKlass com/android/tools/r8/a
instanceKlass com/android/tools/r8/BaseCommand
instanceKlass com/android/builder/dexing/JarClassFileInput$$Lambda$1295
instanceKlass com/android/build/gradle/internal/dependency/BaseDexingTransform$process$1$1$1
instanceKlass com/android/builder/dexing/ClassFileEntry
instanceKlass com/android/builder/dexing/JarClassFileInput
instanceKlass sun/nio/fs/WindowsFileSystem$2
instanceKlass sun/nio/fs/Globs
instanceKlass com/android/builder/dexing/ClassFileInputs
instanceKlass com/android/tools/r8/DesugarGraphConsumer
instanceKlass com/android/builder/dexing/D8DiagnosticsHandler
instanceKlass com/android/builder/dexing/DexParameters
instanceKlass com/android/builder/dexing/r8/ClassFileProviderFactory$OrderedClassFileResourceProvider$$Lambda$1294
instanceKlass com/android/builder/dexing/r8/ClassFileProviderFactory$OrderedClassFileResourceProvider
instanceKlass com/android/tools/r8/ClassFileResourceProvider
instanceKlass com/android/builder/dexing/r8/ClassFileProviderFactory
instanceKlass com/android/builder/dexing/DexArchiveBuilder$Companion
instanceKlass com/android/builder/dexing/DexArchiveBuilder
instanceKlass java/nio/file/Files$$Lambda$1293
instanceKlass java/nio/file/Files$2
instanceKlass com/android/builder/dexing/DexUtilsKt
instanceKlass org/gradle/api/internal/artifacts/transform/DefaultTransformer$TransformServiceLookup$$Lambda$1292
instanceKlass org/gradle/internal/Try$1
instanceKlass org/gradle/internal/execution/history/changes/DefaultIncrementalInputProperties$$Lambda$1291
instanceKlass org/gradle/internal/execution/history/changes/DefaultIncrementalInputProperties$$Lambda$1290
instanceKlass com/google/common/collect/ForwardingObject
instanceKlass org/gradle/internal/execution/history/changes/DefaultIncrementalInputProperties$$Lambda$1289
instanceKlass com/google/common/base/Predicates$CompositionPredicate
instanceKlass org/gradle/internal/execution/history/changes/DefaultIncrementalInputProperties$$Lambda$1288
instanceKlass com/android/build/gradle/internal/dependency/BaseDexingTransform$Parameters$Inject
instanceKlass org/gradle/cache/internal/btree/FileBackedBlockStore$1
instanceKlass com/android/build/gradle/internal/dependency/ExtractJniTransform$doTransform$1$entries$1
instanceKlass kotlin/io/LinesSequence$iterator$1
instanceKlass kotlin/io/LinesSequence
instanceKlass com/android/build/gradle/internal/tasks/CheckDuplicateClassesDelegate
instanceKlass com/android/build/gradle/internal/tasks/CheckDuplicatesParams
instanceKlass com/android/build/gradle/internal/tasks/CheckDuplicateClassesTask$doTaskAction$1
instanceKlass com/android/build/gradle/internal/tasks/CheckDuplicatesRunnable
instanceKlass org/gradle/api/internal/changedetection/state/MetaInfAwareClasspathResourceHasher$$Lambda$1287
instanceKlass org/gradle/api/internal/changedetection/state/MetaInfAwareClasspathResourceHasher$$Lambda$1286
instanceKlass org/gradle/api/internal/changedetection/state/MetaInfAwareClasspathResourceHasher$$Lambda$1285
instanceKlass org/gradle/api/internal/changedetection/state/MetaInfAwareClasspathResourceHasher$$Lambda$1284
instanceKlass com/android/builder/dexing/ClassFileInput$$Lambda$1283
instanceKlass com/android/builder/dexing/ClassFileInput
instanceKlass java/util/zip/ZipFile$$Lambda$1282
instanceKlass kotlin/streams/jdk8/StreamsKt
instanceKlass com/android/build/gradle/internal/dependency/EnumerateClassesDelegate$extractClasses$1$2
instanceKlass com/android/build/gradle/internal/dependency/EnumerateClassesDelegate$extractClasses$1$1
instanceKlass java/util/zip/ZipFile$$Lambda$1281
instanceKlass java/util/Spliterators$AbstractSpliterator
instanceKlass com/android/build/gradle/internal/dependency/EnumerateClassesDelegate
instanceKlass org/gradle/api/internal/changedetection/state/RuntimeClasspathResourceHasher$$Lambda$1280
instanceKlass org/gradle/api/internal/changedetection/state/ZipEntryContext$ZipEntryRelativePath
instanceKlass org/gradle/api/internal/changedetection/state/ZipEntryContext
instanceKlass org/gradle/api/internal/file/archive/impl/FileZipInput$1$1
instanceKlass org/gradle/api/internal/file/archive/ZipEntry$InputStreamAction
instanceKlass org/gradle/api/internal/file/archive/impl/JdkZipEntry
instanceKlass org/gradle/api/internal/file/archive/ZipEntry
instanceKlass org/gradle/api/internal/file/archive/impl/FileZipInput
instanceKlass java/util/Vector$Itr
instanceKlass java/util/zip/ZipOutputStream$XEntry
instanceKlass kotlin/sequences/SequencesKt__SequencesKt$asSequence$$inlined$Sequence$1
instanceKlass kotlin/collections/CollectionsKt__IteratorsJVMKt$iterator$1
instanceKlass java/util/zip/ZipFile$$Lambda$1279
instanceKlass com/android/builder/packaging/JarMerger$$Lambda$1278
instanceKlass com/android/builder/packaging/JarMerger$$Lambda$1277
instanceKlass com/android/builder/packaging/JarMerger
instanceKlass com/android/builder/packaging/JarCreator
instanceKlass org/gradle/internal/execution/history/changes/DefaultFileChange$1
instanceKlass org/gradle/internal/execution/history/changes/DefaultFileChange
instanceKlass org/gradle/internal/execution/history/changes/NonIncrementalInputChanges$RebuildFileChange
instanceKlass org/gradle/internal/execution/history/changes/NonIncrementalInputChanges$$Lambda$1276
instanceKlass org/gradle/internal/execution/history/changes/NonIncrementalInputChanges$$Lambda$1275
instanceKlass com/android/builder/packaging/PackagingUtils$$Lambda$1274
instanceKlass com/android/builder/packaging/PackagingUtils
instanceKlass com/android/build/gradle/internal/tasks/CompressAssetsDelegate
instanceKlass org/gradle/api/internal/file/AbstractFileTreeElement
instanceKlass java/nio/file/FileTreeWalker$1
instanceKlass org/gradle/api/internal/file/collections/DefaultDirectoryWalker$PathVisitor
instanceKlass org/gradle/api/file/ReproducibleFileVisitor
instanceKlass com/android/build/gradle/tasks/SerializableArtifact
instanceKlass com/android/build/gradle/tasks/JavaPreCompileTask$doTaskAction$1
instanceKlass com/android/build/gradle/tasks/XmlDocumentUtilsKt
instanceKlass org/gradle/internal/work/DefaultWorkerLeaseService$5$1
instanceKlass org/gradle/internal/work/DefaultWorkerLeaseService$5
instanceKlass org/gradle/internal/work/DefaultAsyncWorkTracker$1
instanceKlass org/gradle/internal/work/DefaultAsyncWorkTracker$2
instanceKlass com/android/build/api/artifact/impl/ArtifactTransformationRequestImpl$submit$4
instanceKlass kotlin/jvm/JvmDefault
instanceKlass com/android/build/gradle/tasks/ProcessPackagedManifestTask$WorkItemParameters$Inject
instanceKlass com/android/build/gradle/tasks/ProcessPackagedManifestTask$WorkItemParameters_Decorated
instanceKlass com/android/build/gradle/tasks/ProcessPackagedManifestTask$WorkItemParameters
instanceKlass com/android/build/api/artifact/impl/ArtifactTransformationRequestImpl$submit$2$1
instanceKlass kotlin/jvm/internal/Ref$ObjectRef
instanceKlass com/android/build/gradle/tasks/ProcessPackagedManifestTask$WorkItem
instanceKlass com/android/build/gradle/internal/workeractions/WorkActionAdapter
instanceKlass com/android/build/api/variant/impl/BuiltArtifactImpl$Companion
instanceKlass com/android/utils/FileUtils$$Lambda$1273
instanceKlass com/android/build/gradle/internal/api/artifact/ArtifactTypeUtils
instanceKlass com/android/build/api/variant/impl/BuiltArtifactsLoaderImpl$Companion
instanceKlass com/android/build/api/variant/impl/BuiltArtifactsLoaderImpl
instanceKlass com/android/build/api/variant/BuiltArtifactsLoader
instanceKlass com/android/ide/common/xml/XmlAttributeSortOrder$3
instanceKlass com/android/ide/common/xml/XmlPrettyPrinter
instanceKlass com/android/ide/common/xml/XmlAttributeSortOrder$2
instanceKlass com/android/ide/common/xml/XmlAttributeSortOrder$1
instanceKlass com/android/ide/common/xml/XmlFormatPreferences
instanceKlass com/google/common/base/Optional
instanceKlass com/android/manifmerger/ToolsInstructionsCleaner
instanceKlass com/android/manifmerger/PostValidator$1
instanceKlass com/android/manifmerger/Actions
instanceKlass com/android/manifmerger/PostValidator
instanceKlass com/android/manifmerger/ManifestMerger2$$Lambda$1272
instanceKlass com/android/manifmerger/ElementsTrimmer
instanceKlass com/android/manifmerger/NavGraphExpander
instanceKlass com/android/manifmerger/DeepLink$Companion
instanceKlass com/android/manifmerger/DeepLink
instanceKlass com/google/gson/internal/$Gson$Types$GenericArrayTypeImpl
instanceKlass com/android/manifmerger/NavigationXmlDocumentData
instanceKlass com/google/common/io/Java8Compatibility
instanceKlass com/google/common/io/LineBuffer
instanceKlass com/google/common/io/LineReader
instanceKlass com/google/common/io/CharStreams
instanceKlass com/google/common/io/Files$1
instanceKlass com/android/manifmerger/XmlElement$1
instanceKlass com/android/manifmerger/PreValidator
instanceKlass org/apache/xerces/dom/DeepNodeListImpl
instanceKlass com/google/common/collect/CollectSpliterators$1$$Lambda$1271
instanceKlass com/android/manifmerger/ManifestMerger2$$Lambda$1270
instanceKlass com/android/manifmerger/ManifestMerger2$$Lambda$1269
instanceKlass com/google/common/collect/CollectSpliterators$1
instanceKlass com/google/common/collect/CollectSpliterators
instanceKlass com/google/common/collect/AbstractMapBasedMultimap$AsMap$AsMapEntries$$Lambda$1268
instanceKlass com/android/manifmerger/ManifestMerger2$$Lambda$1267
instanceKlass com/android/manifmerger/ManifestMerger2$$Lambda$1266
instanceKlass com/android/manifmerger/ManifestMerger2$$Lambda$1265
instanceKlass com/android/manifmerger/ActionRecorder$$Lambda$1264
instanceKlass com/android/manifmerger/ConvertibleName
instanceKlass com/android/manifmerger/Actions$Record
instanceKlass com/android/manifmerger/ActionRecorder$$Lambda$1263
instanceKlass com/android/manifmerger/Actions$DecisionTreeRecord
instanceKlass com/android/manifmerger/XmlNode$Name
instanceKlass com/android/manifmerger/AttributeModel$Hexadecimal32Bits
instanceKlass com/android/manifmerger/ManifestModel$TwoAttributesBasedKeyResolver
instanceKlass com/android/manifmerger/AttributeModel$SeparatedValuesValidator
instanceKlass com/android/manifmerger/CompositeNodeKeyResolver
instanceKlass com/android/manifmerger/ManifestModel$NodeTypes$1
instanceKlass com/android/manifmerger/XmlNode$NamespaceAwareName
instanceKlass com/android/manifmerger/AttributeModel$3
instanceKlass com/android/manifmerger/AttributeModel$2
instanceKlass com/android/manifmerger/AttributeModel$1
instanceKlass com/android/manifmerger/AttributeModel
instanceKlass com/android/manifmerger/AttributeModel$Builder
instanceKlass com/android/manifmerger/AttributeModel$MergingPolicy
instanceKlass com/google/common/base/Suppliers$MemoizingSupplier
instanceKlass com/google/common/base/Suppliers$NonSerializableMemoizingSupplier
instanceKlass com/android/manifmerger/XmlNode$$Lambda$1262
instanceKlass com/android/manifmerger/XmlNode$NodeKey
instanceKlass com/android/manifmerger/XmlNode$$Lambda$1261
instanceKlass com/android/manifmerger/XmlNode$NodeName
instanceKlass com/android/manifmerger/XmlNode
instanceKlass com/android/manifmerger/XmlDocument
instanceKlass com/android/manifmerger/XmlLoader
instanceKlass com/android/manifmerger/ManifestMerger2$SelectorResolver
instanceKlass com/android/manifmerger/ActionRecorder
instanceKlass com/android/manifmerger/MergingReport$Builder
instanceKlass com/android/manifmerger/AttributeModel$BooleanValidator
instanceKlass com/android/manifmerger/AttributeModel$Validator
instanceKlass com/android/manifmerger/ManifestModel$2
instanceKlass com/android/aaptcompiler/XmlProcessorKt
instanceKlass com/android/manifmerger/ManifestModel$1
instanceKlass com/android/manifmerger/ManifestModel$NoKeyNodeResolver
instanceKlass com/android/manifmerger/ManifestModel$AttributeBasedNodeKeyResolver
instanceKlass com/android/manifmerger/NodeKeyResolver
instanceKlass com/android/manifmerger/ManifestModel
instanceKlass com/android/manifmerger/ManifestMerger2$MapBasedKeyBasedValueResolver
instanceKlass com/android/manifmerger/ManifestMerger2$FileStreamProvider
instanceKlass com/android/manifmerger/ManifestMerger2$AutoAddingProperty
instanceKlass com/android/manifmerger/ManifestMerger2$Invoker
instanceKlass com/android/manifmerger/PlaceholderHandler$KeyBasedValueResolver
instanceKlass com/android/manifmerger/ManifestMerger2$ManifestInfo
instanceKlass com/android/manifmerger/KeyResolver
instanceKlass com/android/manifmerger/DocumentModel
instanceKlass com/android/manifmerger/ManifestMerger2
instanceKlass com/android/build/gradle/internal/tasks/manifest/ManifestHelperKt
instanceKlass com/android/build/gradle/tasks/ProcessApplicationManifest$CreationAction$ManifestProviderImpl
instanceKlass com/android/manifmerger/ManifestProvider
instanceKlass com/android/utils/PathUtils
instanceKlass org/apache/log4j/Log4jLoggerFactory
instanceKlass org/apache/log4j/Category
instanceKlass com/android/build/gradle/internal/tasks/IncrementalTask$taskAction$$inlined$recordTaskAction$1
instanceKlass org/gradle/api/tasks/incremental/InputFileDetails
instanceKlass org/gradle/api/internal/changedetection/changes/StatefulIncrementalTaskInputs
instanceKlass org/gradle/internal/execution/history/changes/NonIncrementalInputChanges$$Lambda$1260
instanceKlass com/google/gson/internal/$Gson$Types$WildcardTypeImpl
instanceKlass com/google/gson/internal/Streams
instanceKlass com/android/build/api/variant/impl/BuiltArtifactsImpl$Companion
instanceKlass com/android/aaptcompiler/SourcedResourceName
instanceKlass com/android/aapt/Resources$FileReference$Type$1
instanceKlass android/aapt/pb/internal/ResourcesInternal$CompiledFile$SymbolOrBuilder
instanceKlass android/aapt/pb/internal/ResourcesInternal$CompiledFileOrBuilder
instanceKlass com/android/aaptcompiler/XmlProcessor$process$3
instanceKlass com/android/aaptcompiler/XmlProcessor$process$$inlined$sortedBy$1
instanceKlass com/android/aaptcompiler/XmlResource
instanceKlass kotlin/io/ByteStreamsKt
instanceKlass com/android/aapt/Resources$XmlNodeOrBuilder
instanceKlass com/android/aapt/Resources$XmlAttributeOrBuilder
instanceKlass com/android/aapt/Resources$XmlNamespaceOrBuilder
instanceKlass com/android/aapt/Resources$XmlElementOrBuilder
instanceKlass com/sun/xml/internal/stream/util/ReadOnlyIterator
instanceKlass com/android/aaptcompiler/NamespaceContext
instanceKlass com/android/aaptcompiler/XmlResourceBuilder
instanceKlass com/android/aaptcompiler/XmlProcessor
instanceKlass com/android/aaptcompiler/ResourceFile
instanceKlass com/android/aapt/Resources$1
instanceKlass com/android/aapt/Resources$Styleable$EntryOrBuilder
instanceKlass com/android/aapt/Resources$Attribute$SymbolOrBuilder
instanceKlass com/android/aapt/Resources$Primitive$NullTypeOrBuilder
instanceKlass com/android/aapt/Resources$Primitive$EmptyTypeOrBuilder
instanceKlass com/android/aaptcompiler/buffer/BigBuffer$BlockRef
instanceKlass com/android/aaptcompiler/buffer/BigBuffer$Block
instanceKlass com/android/aaptcompiler/android/ResChunkHeader
instanceKlass com/android/aaptcompiler/android/ResStringPoolHeader$Companion
instanceKlass com/android/aaptcompiler/android/ResStringPoolHeader
instanceKlass com/android/aaptcompiler/buffer/BigBuffer
instanceKlass com/android/aapt/Resources$SourcePositionOrBuilder
instanceKlass com/android/aapt/Resources$Reference$Type$1
instanceKlass com/android/aapt/Resources$BooleanOrBuilder
instanceKlass com/android/aapt/Resources$Style$EntryOrBuilder
instanceKlass com/android/aapt/Resources$Plural$Arity$1
instanceKlass com/android/aapt/Resources$Plural$EntryOrBuilder
instanceKlass com/android/aapt/Resources$StyledStringOrBuilder
instanceKlass com/android/aapt/Resources$StringOrBuilder
instanceKlass com/android/aapt/Resources$RawStringOrBuilder
instanceKlass com/android/aapt/Resources$FileReferenceOrBuilder
instanceKlass com/android/aapt/Resources$PrimitiveOrBuilder
instanceKlass com/android/aapt/Resources$IdOrBuilder
instanceKlass com/android/aapt/Resources$ReferenceOrBuilder
instanceKlass com/android/aapt/Resources$StyleableOrBuilder
instanceKlass com/android/aapt/Resources$PluralOrBuilder
instanceKlass com/android/aapt/Resources$MacroBodyOrBuilder
instanceKlass com/android/aapt/Resources$AttributeOrBuilder
instanceKlass com/android/aapt/Resources$StyleOrBuilder
instanceKlass com/android/aapt/Resources$ArrayOrBuilder
instanceKlass com/android/aapt/Resources$ItemOrBuilder
instanceKlass com/android/aapt/Resources$CompoundValueOrBuilder
instanceKlass com/android/aapt/ConfigurationOuterClass$Configuration$Navigation$1
instanceKlass com/android/aapt/ConfigurationOuterClass$Configuration$NavHidden$1
instanceKlass com/android/aapt/ConfigurationOuterClass$Configuration$Keyboard$1
instanceKlass com/android/aapt/ConfigurationOuterClass$Configuration$KeysHidden$1
instanceKlass com/android/aapt/ConfigurationOuterClass$Configuration$Touchscreen$1
instanceKlass com/android/aapt/ConfigurationOuterClass$Configuration$UiModeNight$1
instanceKlass com/android/aapt/ConfigurationOuterClass$Configuration$UiModeType$1
instanceKlass com/android/aapt/ConfigurationOuterClass$Configuration$Orientation$1
instanceKlass com/android/aapt/ConfigurationOuterClass$Configuration$Hdr$1
instanceKlass com/android/aapt/ConfigurationOuterClass$Configuration$WideColorGamut$1
instanceKlass com/android/aapt/ConfigurationOuterClass$Configuration$ScreenRound$1
instanceKlass com/android/aapt/ConfigurationOuterClass$Configuration$ScreenLayoutLong$1
instanceKlass com/android/aapt/ConfigurationOuterClass$Configuration$ScreenLayoutSize$1
instanceKlass com/android/aapt/ConfigurationOuterClass$Configuration$LayoutDirection$1
instanceKlass com/android/aapt/Resources$ValueOrBuilder
instanceKlass com/android/aapt/ConfigurationOuterClass$ConfigurationOrBuilder
instanceKlass com/android/aapt/Resources$Visibility$Level$1
instanceKlass com/android/aaptcompiler/proto/ProtoSerializeKt$WhenMappings
instanceKlass com/android/aapt/Resources$SourceOrBuilder
instanceKlass com/android/aapt/Resources$ConfigValueOrBuilder
instanceKlass com/android/aapt/Resources$EntryIdOrBuilder
instanceKlass com/android/aapt/Resources$StagedIdOrBuilder
instanceKlass com/android/aapt/Resources$OverlayableItemOrBuilder
instanceKlass com/android/aapt/Resources$AllowNewOrBuilder
instanceKlass com/android/aapt/Resources$VisibilityOrBuilder
instanceKlass com/android/aapt/Resources$EntryOrBuilder
instanceKlass com/android/aapt/Resources$TypeIdOrBuilder
instanceKlass com/android/aapt/Resources$TypeOrBuilder
instanceKlass com/android/aaptcompiler/ResourceUtilsKt$WhenMappings
instanceKlass kotlin/jvm/internal/FloatCompanionObject
instanceKlass com/android/aaptcompiler/FloatConstantsKt
instanceKlass com/android/aaptcompiler/FloatParsingKt
instanceKlass com/android/aapt/Resources$PackageIdOrBuilder
instanceKlass com/android/aaptcompiler/ToolFingerprint
instanceKlass com/android/aapt/Resources$OverlayableOrBuilder
instanceKlass com/android/aapt/Resources$ToolFingerprintOrBuilder
instanceKlass com/android/aapt/Resources$PackageOrBuilder
instanceKlass com/android/aapt/Resources$StringPoolOrBuilder
instanceKlass com/android/aapt/Resources$ResourceTableOrBuilder
instanceKlass com/android/aaptcompiler/proto/ProtoSerializeKt
instanceKlass javax/xml/stream/events/Comment
instanceKlass com/android/aaptcompiler/ReferenceInfo
instanceKlass com/android/aaptcompiler/ResourceNameInfo
instanceKlass com/android/aaptcompiler/UntranslatableSection
instanceKlass com/android/aaptcompiler/Container$Companion
instanceKlass com/android/aaptcompiler/Container
instanceKlass com/android/aaptcompiler/ResourceTable$WhenMappings
instanceKlass com/android/aaptcompiler/AttributeResource$Symbol
instanceKlass com/android/aaptcompiler/ResourceConfigValue
instanceKlass kotlin/comparisons/ComparisonsKt__ComparisonsKt$nullsFirst$1
instanceKlass com/android/aaptcompiler/android/ResValue
instanceKlass kotlin/comparisons/NaturalOrderComparator
instanceKlass com/android/aaptcompiler/android/ResValue$DataType$Companion
instanceKlass com/android/aaptcompiler/Visibility
instanceKlass com/android/aaptcompiler/ResourceEntry
instanceKlass com/android/aaptcompiler/android/UnitEntry
instanceKlass com/android/aaptcompiler/ResourceGroup
instanceKlass com/android/aaptcompiler/android/ResourceTypesKt
instanceKlass com/android/aaptcompiler/ResourceFileKt
instanceKlass com/android/aaptcompiler/ResourceTablePackage
instanceKlass com/android/aaptcompiler/Style$Entry
instanceKlass com/android/aaptcompiler/ParsedParentInfo$Companion
instanceKlass com/android/aaptcompiler/ParsedParentInfo
instanceKlass com/android/aaptcompiler/PossibleResourceName
instanceKlass com/android/aaptcompiler/UnicodeUtilKt
instanceKlass com/android/aaptcompiler/StringPool$Ref
instanceKlass com/android/aaptcompiler/TableExtractorKt
instanceKlass com/android/aaptcompiler/StringPool$Entry
instanceKlass com/android/aaptcompiler/android/UtilKt
instanceKlass com/android/aaptcompiler/StringPool$Context
instanceKlass java/lang/StringUTF16$CodePointsSpliterator
instanceKlass com/android/aaptcompiler/ResourceUtilsKt
instanceKlass com/android/aaptcompiler/Plural$Type$Companion
instanceKlass com/android/aaptcompiler/Value
instanceKlass com/android/aaptcompiler/StyleString
instanceKlass com/android/aaptcompiler/FlattenedXml
instanceKlass java/util/Spliterators$2Adapter
instanceKlass java/util/PrimitiveIterator$OfInt
instanceKlass java/util/PrimitiveIterator
instanceKlass com/android/aaptcompiler/XmlStringBuilder
instanceKlass com/android/aaptcompiler/ResourceName$Companion
instanceKlass com/android/aaptcompiler/ResourceName
instanceKlass com/android/aaptcompiler/ParsedResource
instanceKlass com/android/aaptcompiler/ExtractedPackage
instanceKlass com/android/aaptcompiler/XmlUtilKt
instanceKlass kotlin/comparisons/ComparisonsKt__ComparisonsKt$compareBy$1
instanceKlass kotlin/comparisons/ComparisonsKt__ComparisonsKt
instanceKlass com/android/aaptcompiler/TableExtractor
instanceKlass com/android/aaptcompiler/TableExtractorOptions
instanceKlass com/android/aaptcompiler/StringPool$special$$inlined$compareBy$2
instanceKlass com/android/aaptcompiler/StringPool$special$$inlined$compareBy$1
instanceKlass com/android/aaptcompiler/StringPool$Companion
instanceKlass com/android/aaptcompiler/StringPool
instanceKlass com/android/aaptcompiler/ResourceTable$Companion
instanceKlass com/android/aaptcompiler/ResourceTable
instanceKlass com/android/aaptcompiler/BlameLogger
instanceKlass com/android/build/gradle/internal/res/Aapt2ErrorUtils
instanceKlass com/android/aaptcompiler/ResourceCompilerOptions
instanceKlass com/android/build/gradle/internal/res/ResourceCompilerRunnable$Companion
instanceKlass com/google/common/collect/ImmutableMap$SerializedForm
instanceKlass com/android/build/gradle/internal/aapt/WorkerExecutorResourceCompilationService$close$1$1
instanceKlass com/android/aaptcompiler/ConfigDescriptionParsersKt
instanceKlass com/android/aaptcompiler/AaptResourceTypeKt
instanceKlass com/android/aaptcompiler/ResourcePathData
instanceKlass com/android/aaptcompiler/LocaleValue
instanceKlass com/android/aaptcompiler/android/ResTableConfig$Companion
instanceKlass com/android/aaptcompiler/android/ResTableConfig
instanceKlass com/android/aaptcompiler/ConfigDescriptionKt
instanceKlass com/android/aaptcompiler/Source$Companion
instanceKlass com/android/aaptcompiler/Source
instanceKlass com/android/aaptcompiler/ResourcePathDataKt
instanceKlass com/android/aaptcompiler/ResourceCompiler
instanceKlass com/android/ide/common/resources/DataSet$1
instanceKlass com/android/build/gradle/tasks/MergeResources$$Lambda$1259
instanceKlass com/android/build/gradle/tasks/MergeResources$$Lambda$1258
instanceKlass com/android/ide/common/blame/MergingLogPersistUtil$SourcePositionsSerializer
instanceKlass com/android/ide/common/blame/MergingLogPersistUtil$$Lambda$1257
instanceKlass com/android/ide/common/blame/MergingLogPersistUtil
instanceKlass com/android/builder/internal/aapt/v2/Aapt2RenamingConventions
instanceKlass com/android/utils/XmlUtils$PositionAwareStringBuilder
instanceKlass org/w3c/dom/ls/LSOutput
instanceKlass org/w3c/dom/ls/LSParser
instanceKlass org/w3c/dom/ls/LSInput
instanceKlass org/w3c/dom/ls/LSSerializer
instanceKlass org/apache/xerces/dom/CoreDOMImplementationImpl
instanceKlass org/w3c/dom/ls/DOMImplementationLS
instanceKlass org/w3c/dom/DOMImplementation
instanceKlass com/android/ide/common/resources/NodeUtils
instanceKlass com/google/common/io/ByteArrayDataOutput
instanceKlass com/google/common/io/ByteArrayDataInput
instanceKlass com/google/common/io/ByteStreams
instanceKlass com/google/common/io/CharSink
instanceKlass com/google/common/io/CharSource
instanceKlass com/android/build/gradle/internal/LoggerWrapper$1
instanceKlass com/android/ide/common/rendering/api/ResourceNamespace$1
instanceKlass com/android/ide/common/rendering/api/ResourceReference
instanceKlass com/android/ide/common/util/PathString
instanceKlass com/android/ide/common/resources/MergedResourceWriter$1
instanceKlass com/android/build/gradle/internal/tasks/Workers$WorkerExecutorAdapter$submit$1
instanceKlass com/android/build/gradle/internal/profile/ProfileAwareWorkAction
instanceKlass com/android/ide/common/resources/MergedResourceWriter$FileGenerationWorkAction
instanceKlass com/android/ide/common/resources/MergedResourceWriter$FileGenerationParameters
instanceKlass com/android/ide/common/resources/CompileResourceRequest
instanceKlass com/google/common/collect/LinkedListMultimap$NodeIterator
instanceKlass com/google/common/collect/HashBasedTable$Factory
instanceKlass com/google/common/collect/AbstractTable
instanceKlass com/android/build/gradle/tasks/MergeResources$$Lambda$1256
instanceKlass java/util/concurrent/ConcurrentLinkedDeque$Node
instanceKlass com/android/ide/common/resources/MergedResourceWriterRequest
instanceKlass com/android/ide/common/workers/WorkerExecutorFacade$WorkAction
instanceKlass com/google/common/io/Files$2
instanceKlass com/google/common/io/LineProcessor
instanceKlass com/google/common/io/ByteSink
instanceKlass com/google/common/io/ByteSource
instanceKlass com/google/common/graph/SuccessorsFunction
instanceKlass com/google/common/io/Files
instanceKlass java/util/stream/Nodes$IntArrayNode
instanceKlass java/util/stream/Node$Builder$OfInt
instanceKlass java/util/stream/IntPipeline$$Lambda$1255
instanceKlass java/lang/StringLatin1$CharsSpliterator
instanceKlass com/android/resources/FolderTypeRelationship
instanceKlass com/google/common/collect/LinkedListMultimap$ValueForKeyIterator
instanceKlass com/google/common/collect/LinkedListMultimap$KeyList
instanceKlass com/android/ide/common/rendering/api/ResourceNamespace$Resolver
instanceKlass com/android/ide/common/rendering/api/TextResourceValue
instanceKlass com/android/ide/common/rendering/api/AttrResourceValue
instanceKlass com/android/ide/common/rendering/api/PluralsResourceValue
instanceKlass com/android/ide/common/rendering/api/ArrayResourceValue
instanceKlass com/android/ide/common/rendering/api/StyleableResourceValue
instanceKlass com/android/ide/common/rendering/api/StyleResourceValue
instanceKlass com/android/ide/common/rendering/api/ResourceValueImpl
instanceKlass com/android/ide/common/rendering/api/StyleItemResourceValue
instanceKlass com/android/ide/common/rendering/api/ResourceValue
instanceKlass com/android/ide/common/resources/ValueResourceNameValidator
instanceKlass com/android/resources/ResourceType$$Lambda$1254
instanceKlass com/android/resources/ResourceType$$Lambda$1253
instanceKlass org/apache/xerces/dom/NodeListCache
instanceKlass com/google/common/collect/LinkedListMultimap$DistinctKeyIterator
instanceKlass com/google/common/collect/TransformedIterator
instanceKlass com/google/common/collect/Multimaps$AsMap$EntrySet$1
instanceKlass com/google/common/collect/CollectCollectors$EnumSetAccumulator$$Lambda$1252
instanceKlass com/google/common/collect/CollectCollectors$EnumSetAccumulator$$Lambda$1251
instanceKlass com/google/common/collect/CollectCollectors$EnumSetAccumulator$$Lambda$1250
instanceKlass com/google/common/collect/CollectCollectors$EnumSetAccumulator$$Lambda$1249
instanceKlass com/google/common/collect/CollectCollectors$EnumSetAccumulator
instanceKlass com/android/resources/ResourceType$$Lambda$1248
instanceKlass com/android/utils/PositionXmlParser$Position
instanceKlass org/apache/xerces/parsers/AbstractSAXParser$LocatorProxy
instanceKlass org/apache/xerces/util/ErrorHandlerWrapper
instanceKlass org/apache/xerces/util/EntityResolver2Wrapper
instanceKlass org/apache/xerces/impl/ExternalSubsetResolver
instanceKlass org/apache/xerces/dom/ParentNode$UserDataRecord
instanceKlass org/apache/xerces/parsers/AbstractSAXParser$AttributesProxy
instanceKlass org/xml/sax/DocumentHandler
instanceKlass org/apache/xerces/xs/PSVIProvider
instanceKlass org/xml/sax/ext/DeclHandler
instanceKlass org/xml/sax/ext/LexicalHandler
instanceKlass com/android/utils/PositionXmlParser
instanceKlass com/android/ide/common/resources/ValueResourceParser2
instanceKlass com/android/utils/SdkUtils
instanceKlass com/android/ide/common/resources/FileResourceNameValidator
instanceKlass com/android/ide/common/resources/configuration/FolderConfiguration
instanceKlass com/android/ide/common/resources/ResourceSet$FolderData
instanceKlass com/android/build/gradle/tasks/MergeResources$$Lambda$1247
instanceKlass com/android/build/gradle/internal/aapt/WorkerExecutorResourceCompilationService
instanceKlass com/android/build/gradle/internal/tasks/Workers$WorkerExecutorAdapter
instanceKlass com/android/build/gradle/internal/tasks/Workers
instanceKlass com/android/ide/common/blame/MergingLog
instanceKlass com/google/common/collect/Table
instanceKlass com/android/build/gradle/internal/LoggerWrapper$LoggerSupplier
instanceKlass com/android/ide/common/resources/configuration/ResourceQualifier
instanceKlass com/android/builder/png/VectorDrawableRenderer
instanceKlass com/android/build/gradle/tasks/MergeResources$$Lambda$1246
instanceKlass com/android/build/gradle/internal/tasks/NewIncrementalTask$taskAction$$inlined$recordTaskAction$1
instanceKlass org/gradle/internal/execution/history/changes/NonIncrementalInputChanges
instanceKlass org/gradle/internal/execution/history/changes/DefaultIncrementalInputProperties
instanceKlass org/gradle/internal/execution/steps/ResolveChangesStep$2
